TN:
SF:/home/opo/nginx/src/core/nginx.c
FN:1094,1135,ngx_core_module_create_conf
FN:1139,1264,ngx_core_module_init_conf
FN:1268,1327,ngx_set_user
FN:1331,1357,ngx_set_env
FN:1361,1397,ngx_set_priority
FN:1401,1495,ngx_set_cpu_affinity
FN:1499,1549,ngx_get_cpu_affinity
FN:1553,1578,ngx_set_worker_processes
FN:1582,1660,ngx_load_module
FN:1666,1674,ngx_unload_module
FN:197,388,main
FN:392,456,ngx_show_version_info
FN:460,516,ngx_add_inherited_sockets
FN:520,652,ngx_set_environment
FN:656,671,ngx_cleanup_environment
FN:675,694,ngx_cleanup_environment_variable
FN:698,798,ngx_exec_new_binary
FN:802,944,ngx_get_options
FN:948,986,ngx_save_argv
FN:990,1090,ngx_process_options
FNDA:0,ngx_core_module_create_conf
FNDA:0,ngx_core_module_init_conf
FNDA:0,ngx_set_user
FNDA:0,ngx_set_env
FNDA:0,ngx_set_priority
FNDA:0,ngx_set_cpu_affinity
FNDA:0,ngx_get_cpu_affinity
FNDA:0,ngx_set_worker_processes
FNDA:0,ngx_load_module
FNDA:0,ngx_unload_module
FNDA:1,main
FNDA:1,ngx_show_version_info
FNDA:0,ngx_add_inherited_sockets
FNDA:0,ngx_set_environment
FNDA:0,ngx_cleanup_environment
FNDA:0,ngx_cleanup_environment_variable
FNDA:0,ngx_exec_new_binary
FNDA:1,ngx_get_options
FNDA:0,ngx_save_argv
FNDA:0,ngx_process_options
FNF:20
FNH:3
DA:197,1
DA:199,1
DA:200,1
DA:201,1
DA:202,1
DA:203,1
DA:204,1
DA:206,1
DA:208,1
DA:212,1
DA:216,1
DA:217,1
DA:219,1
DA:224,0
DA:226,0
DA:229,0
DA:232,0
DA:233,0
DA:235,0
DA:236,0
DA:250,0
DA:251,0
DA:252,0
DA:254,0
DA:255,0
DA:259,0
DA:263,0
DA:267,0
DA:275,0
DA:283,0
DA:285,0
DA:289,0
DA:293,0
DA:294,0
DA:295,0
DA:296,0
DA:300,0
DA:303,0
DA:304,0
DA:305,0
DA:309,0
DA:310,0
DA:312,0
DA:314,0
DA:315,0
DA:316,0
DA:317,0
DA:319,0
DA:321,0
DA:322,0
DA:326,0
DA:329,0
DA:330,0
DA:333,0
DA:335,0
DA:337,0
DA:339,0
DA:340,0
DA:345,0
DA:349,0
DA:350,0
DA:354,0
DA:357,0
DA:358,0
DA:363,0
DA:367,0
DA:371,0
DA:372,0
DA:373,0
DA:378,0
DA:380,0
DA:381,0
DA:384,0
DA:392,1
DA:394,1
DA:396,1
DA:397,0
DA:432,1
DA:435,0
DA:454,0
DA:456,1
DA:460,0
DA:462,0
DA:463,0
DA:464,0
DA:466,0
DA:468,0
DA:472,0
DA:475,0
DA:482,0
DA:483,0
DA:484,0
DA:485,0
DA:486,0
DA:493,0
DA:495,0
DA:496,0
DA:500,0
DA:502,0
DA:503,0
DA:507,0
DA:508,0
DA:513,0
DA:515,0
DA:520,0
DA:522,0
DA:523,0
DA:524,0
DA:525,0
DA:526,0
DA:527,0
DA:529,0
DA:531,0
DA:535,0
DA:537,0
DA:538,0
DA:539,0
DA:541,0
DA:545,0
DA:546,0
DA:550,0
DA:551,0
DA:553,0
DA:555,0
DA:557,0
DA:559,0
DA:561,0
DA:562,0
DA:563,0
DA:566,0
DA:568,0
DA:569,0
DA:571,0
DA:572,0
DA:577,0
DA:578,0
DA:579,0
DA:583,0
DA:586,0
DA:587,0
DA:591,0
DA:592,0
DA:596,0
DA:597,0
DA:600,0
DA:602,0
DA:604,0
DA:606,0
DA:607,0
DA:608,0
DA:611,0
DA:612,0
DA:616,0
DA:618,0
DA:619,0
DA:623,0
DA:625,0
DA:626,0
DA:628,0
DA:630,0
DA:633,0
DA:635,0
DA:636,0
DA:638,0
DA:639,0
DA:644,0
DA:646,0
DA:647,0
DA:648,0
DA:656,0
DA:658,0
DA:660,0
DA:670,0
DA:675,0
DA:677,0
DA:679,0
DA:681,0
DA:688,0
DA:693,0
DA:698,0
DA:700,0
DA:701,0
DA:702,0
DA:703,0
DA:704,0
DA:705,0
DA:706,0
DA:708,0
DA:710,0
DA:711,0
DA:712,0
DA:714,0
DA:715,0
DA:716,0
DA:720,0
DA:721,0
DA:723,0
DA:724,0
DA:725,0
DA:728,0
DA:730,0
DA:731,0
DA:732,0
DA:733,0
DA:735,0
DA:738,0
DA:740,0
DA:746,0
DA:754,0
DA:765,0
DA:767,0
DA:769,0
DA:770,0
DA:775,0
DA:776,0
DA:778,0
DA:781,0
DA:783,0
DA:784,0
DA:787,0
DA:794,0
DA:795,0
DA:797,0
DA:802,1
DA:803,1
DA:804,1
DA:805,1
DA:807,2
DA:809,1
DA:811,1
DA:812,0
DA:813,0
DA:816,2
DA:818,1
DA:820,0
DA:822,0
DA:823,0
DA:824,0
DA:826,1
DA:827,1
DA:828,1
DA:830,0
DA:831,0
DA:832,0
DA:833,0
DA:835,0
DA:836,0
DA:837,0
DA:839,0
DA:840,0
DA:841,0
DA:842,0
DA:844,0
DA:845,0
DA:846,0
DA:848,0
DA:849,0
DA:850,0
DA:851,0
DA:854,0
DA:855,0
DA:856,0
DA:859,0
DA:860,0
DA:862,0
DA:863,0
DA:864,0
DA:866,0
DA:867,0
DA:870,0
DA:871,0
DA:874,0
DA:875,0
DA:878,0
DA:880,0
DA:881,0
DA:882,0
DA:883,0
DA:886,0
DA:887,0
DA:888,0
DA:891,0
DA:892,0
DA:894,0
DA:895,0
DA:896,0
DA:897,0
DA:900,0
DA:901,0
DA:902,0
DA:905,0
DA:906,0
DA:908,0
DA:909,0
DA:910,0
DA:912,0
DA:913,0
DA:916,0
DA:917,0
DA:920,0
DA:921,0
DA:922,0
DA:923,0
DA:925,0
DA:926,0
DA:929,0
DA:930,0
DA:932,0
DA:933,0
DA:934,0
DA:938,1
DA:940,1
DA:948,0
DA:957,0
DA:958,0
DA:960,0
DA:961,0
DA:963,0
DA:964,0
DA:968,0
DA:969,0
DA:971,0
DA:972,0
DA:976,0
DA:979,0
DA:983,0
DA:985,0
DA:990,0
DA:992,0
DA:993,0
DA:995,0
DA:996,0
DA:997,0
DA:999,0
DA:1000,0
DA:1001,0
DA:1005,0
DA:1006,0
DA:1009,0
DA:1010,0
DA:1011,0
DA:1012,0
DA:1040,0
DA:1044,0
DA:1049,0
DA:1050,0
DA:1051,0
DA:1054,0
DA:1057,0
DA:1061,0
DA:1062,0
DA:1063,0
DA:1065,0
DA:1066,0
DA:1067,0
DA:1068,0
DA:1072,0
DA:1073,0
DA:1074,0
DA:1077,0
DA:1080,0
DA:1081,0
DA:1082,0
DA:1085,0
DA:1086,0
DA:1094,0
DA:1096,0
DA:1098,0
DA:1099,0
DA:1114,0
DA:1115,0
DA:1116,0
DA:1117,0
DA:1119,0
DA:1120,0
DA:1122,0
DA:1123,0
DA:1125,0
DA:1126,0
DA:1128,0
DA:1131,0
DA:1139,0
DA:1141,0
DA:1143,0
DA:1144,0
DA:1145,0
DA:1146,0
DA:1148,0
DA:1149,0
DA:1153,0
DA:1154,0
DA:1155,0
DA:1156,0
DA:1158,0
DA:1167,0
DA:1168,0
DA:1171,0
DA:1175,0
DA:1177,0
DA:1178,0
DA:1182,0
DA:1188,0
DA:1189,0
DA:1190,0
DA:1192,0
DA:1193,0
DA:1194,0
DA:1195,0
DA:1197,0
DA:1200,0
DA:1201,0
DA:1203,0
DA:1204,0
DA:1205,0
DA:1206,0
DA:1208,0
DA:1211,0
DA:1215,0
DA:1216,0
DA:1219,0
DA:1224,0
DA:1226,0
DA:1228,0
DA:1229,0
DA:1231,0
DA:1232,0
DA:1235,0
DA:1239,0
DA:1240,0
DA:1242,0
DA:1243,0
DA:1244,0
DA:1248,0
DA:1249,0
DA:1250,0
DA:1251,0
DA:1255,0
DA:1263,0
DA:1268,0
DA:1279,0
DA:1281,0
DA:1282,0
DA:1283,0
DA:1284,0
DA:1286,0
DA:1290,0
DA:1291,0
DA:1295,0
DA:1298,0
DA:1300,0
DA:1302,0
DA:1303,0
DA:1304,0
DA:1305,0
DA:1307,0
DA:1310,0
DA:1312,0
DA:1314,0
DA:1315,0
DA:1316,0
DA:1317,0
DA:1319,0
DA:1322,0
DA:1324,0
DA:1331,0
DA:1333,0
DA:1335,0
DA:1336,0
DA:1338,0
DA:1339,0
DA:1343,0
DA:1344,0
DA:1346,0
DA:1348,0
DA:1350,0
DA:1352,0
DA:1361,0
DA:1363,0
DA:1365,0
DA:1366,0
DA:1368,0
DA:1372,0
DA:1374,0
DA:1378,0
DA:1383,0
DA:1384,0
DA:1387,0
DA:1388,0
DA:1392,0
DA:1393,0
DA:1401,0
DA:1404,0
DA:1406,0
DA:1407,0
DA:1408,0
DA:1409,0
DA:1411,0
DA:1415,0
DA:1416,0
DA:1420,0
DA:1421,0
DA:1423,0
DA:1425,0
DA:1427,0
DA:1428,0
DA:1431,0
DA:1434,0
DA:1436,0
DA:1437,0
DA:1438,0
DA:1447,0
DA:1449,0
DA:1450,0
DA:1453,0
DA:1456,0
DA:1457,0
DA:1459,0
DA:1460,0
DA:1461,0
DA:1463,0
DA:1465,0
DA:1466,0
DA:1469,0
DA:1471,0
DA:1472,0
DA:1475,0
DA:1476,0
DA:1477,0
DA:1480,0
DA:1483,0
DA:1499,0
DA:1502,0
DA:1503,0
DA:1504,0
DA:1506,0
DA:1508,0
DA:1511,0
DA:1515,0
DA:1516,0
DA:1518,0
DA:1520,0
DA:1524,0
DA:1532,0
DA:1533,0
DA:1535,0
DA:1538,0
DA:1539,0
DA:1542,0
DA:1553,0
DA:1555,0
DA:1556,0
DA:1558,0
DA:1560,0
DA:1564,0
DA:1566,0
DA:1567,0
DA:1568,0
DA:1571,0
DA:1573,0
DA:1574,0
DA:1582,0
DA:1585,0
DA:1586,0
DA:1587,0
DA:1588,0
DA:1589,0
DA:1590,0
DA:1592,0
DA:1596,0
DA:1598,0
DA:1600,0
DA:1604,0
DA:1605,0
DA:1609,0
DA:1610,0
DA:1611,0
DA:1614,0
DA:1617,0
DA:1618,0
DA:1620,0
DA:1621,0
DA:1622,0
DA:1625,0
DA:1628,0
DA:1629,0
DA:1630,0
DA:1633,0
DA:1636,0
DA:1638,0
DA:1639,0
DA:1640,0
DA:1642,0
DA:1647,0
DA:1666,0
DA:1668,0
DA:1670,0
DA:1671,0
DA:1674,0
LF:598
LH:32
end_of_record
TN:
SF:/home/opo/nginx/src/core/ngx_array.c
FN:13,27,ngx_array_create
FN:31,44,ngx_array_destroy
FN:48,91,ngx_array_push
FN:95,141,ngx_array_push_n
FNDA:0,ngx_array_create
FNDA:0,ngx_array_destroy
FNDA:0,ngx_array_push
FNDA:0,ngx_array_push_n
FNF:4
FNH:0
DA:13,0
DA:15,0
DA:17,0
DA:18,0
DA:22,0
DA:23,0
DA:31,0
DA:33,0
DA:35,0
DA:37,0
DA:38,0
DA:41,0
DA:42,0
DA:44,0
DA:48,0
DA:50,0
DA:51,0
DA:52,0
DA:54,0
DA:58,0
DA:60,0
DA:62,0
DA:63,0
DA:70,0
DA:71,0
DA:76,0
DA:77,0
DA:81,0
DA:82,0
DA:83,0
DA:87,0
DA:88,0
DA:90,0
DA:95,0
DA:97,0
DA:98,0
DA:99,0
DA:100,0
DA:102,0
DA:104,0
DA:108,0
DA:110,0
DA:111,0
DA:118,0
DA:119,0
DA:124,0
DA:126,0
DA:127,0
DA:131,0
DA:132,0
DA:133,0
DA:137,0
DA:138,0
DA:140,0
LF:54
LH:0
end_of_record
TN:
SF:/home/opo/nginx/src/core/ngx_array.h
FN:32,50,ngx_array_init
FNDA:0,ngx_array_init
FNF:1
FNH:0
DA:32,0
DA:39,0
DA:40,0
DA:41,0
DA:42,0
DA:44,0
DA:45,0
DA:46,0
LF:8
LH:0
end_of_record
TN:
SF:/home/opo/nginx/src/core/ngx_bpf.c
FN:102,114,ngx_bpf_map_update
FN:118,128,ngx_bpf_map_delete
FN:132,143,ngx_bpf_map_lookup
FN:21,34,ngx_bpf_program_link
FN:38,72,ngx_bpf_load_program
FN:76,98,ngx_bpf_map_create
FNDA:0,ngx_bpf_map_update
FNDA:0,ngx_bpf_map_delete
FNDA:0,ngx_bpf_map_lookup
FNDA:0,ngx_bpf_program_link
FNDA:0,ngx_bpf_load_program
FNDA:0,ngx_bpf_map_create
FNF:6
FNH:0
DA:14,0
DA:16,0
DA:21,0
DA:23,0
DA:24,0
DA:26,0
DA:28,0
DA:29,0
DA:30,0
DA:31,0
DA:34,0
DA:38,0
DA:40,0
DA:41,0
DA:46,0
DA:48,0
DA:49,0
DA:50,0
DA:51,0
DA:60,0
DA:61,0
DA:62,0
DA:66,0
DA:68,0
DA:76,0
DA:79,0
DA:80,0
DA:82,0
DA:84,0
DA:85,0
DA:86,0
DA:87,0
DA:88,0
DA:90,0
DA:91,0
DA:92,0
DA:94,0
DA:102,0
DA:104,0
DA:106,0
DA:108,0
DA:109,0
DA:110,0
DA:111,0
DA:113,0
DA:118,0
DA:120,0
DA:122,0
DA:124,0
DA:125,0
DA:127,0
DA:132,0
DA:134,0
DA:136,0
DA:138,0
DA:139,0
DA:140,0
DA:142,0
LF:58
LH:0
end_of_record
TN:
SF:/home/opo/nginx/src/core/ngx_buf.c
FN:127,153,ngx_chain_add_copy
FN:13,44,ngx_create_temp_buf
FN:157,181,ngx_chain_get_free_buf
FN:185,223,ngx_chain_update_chains
FN:227,268,ngx_chain_coalesce_file
FN:272,314,ngx_chain_update_sent
FN:48,65,ngx_alloc_chain_link
FN:69,123,ngx_create_chain_of_bufs
FNDA:0,ngx_chain_add_copy
FNDA:0,ngx_create_temp_buf
FNDA:0,ngx_chain_get_free_buf
FNDA:0,ngx_chain_update_chains
FNDA:0,ngx_chain_coalesce_file
FNDA:0,ngx_chain_update_sent
FNDA:0,ngx_alloc_chain_link
FNDA:0,ngx_create_chain_of_bufs
FNF:8
FNH:0
DA:13,0
DA:15,0
DA:17,0
DA:18,0
DA:22,0
DA:23,0
DA:38,0
DA:39,0
DA:40,0
DA:41,0
DA:43,0
DA:48,0
DA:50,0
DA:52,0
DA:54,0
DA:55,0
DA:56,0
DA:59,0
DA:60,0
DA:69,0
DA:71,0
DA:72,0
DA:73,0
DA:74,0
DA:76,0
DA:77,0
DA:83,0
DA:85,0
DA:86,0
DA:102,0
DA:103,0
DA:104,0
DA:106,0
DA:107,0
DA:108,0
DA:110,0
DA:111,0
DA:115,0
DA:116,0
DA:117,0
DA:120,0
DA:122,0
DA:127,0
DA:129,0
DA:131,0
DA:133,0
DA:134,0
DA:137,0
DA:138,0
DA:139,0
DA:140,0
DA:141,0
DA:144,0
DA:145,0
DA:146,0
DA:147,0
DA:150,0
DA:152,0
DA:157,0
DA:159,0
DA:161,0
DA:162,0
DA:163,0
DA:164,0
DA:165,0
DA:168,0
DA:169,0
DA:173,0
DA:174,0
DA:178,0
DA:180,0
DA:185,0
DA:188,0
DA:190,0
DA:191,0
DA:192,0
DA:195,0
DA:197,0
DA:200,0
DA:203,0
DA:204,0
DA:206,0
DA:207,0
DA:208,0
DA:209,0
DA:212,0
DA:216,0
DA:217,0
DA:219,0
DA:220,0
DA:221,0
DA:223,0
DA:227,0
DA:229,0
DA:230,0
DA:231,0
DA:233,0
DA:235,0
DA:236,0
DA:238,0
DA:239,0
DA:241,0
DA:242,0
DA:244,0
DA:245,0
DA:247,0
DA:248,0
DA:251,0
DA:252,0
DA:255,0
DA:256,0
DA:257,0
DA:260,0
DA:261,0
DA:262,0
DA:263,0
DA:265,0
DA:267,0
DA:272,0
DA:274,0
DA:276,0
DA:278,0
DA:279,0
DA:282,0
DA:286,0
DA:288,0
DA:289,0
DA:291,0
DA:292,0
DA:295,0
DA:296,0
DA:299,0
DA:302,0
DA:303,0
DA:306,0
DA:307,0
DA:313,0
LF:137
LH:0
end_of_record
TN:
SF:/home/opo/nginx/src/core/ngx_conf_file.c
FN:102,154,ngx_conf_add_dump
FN:1026,1062,ngx_conf_set_flag_slot
FN:1066,1089,ngx_conf_set_str_slot
FN:1093,1125,ngx_conf_set_str_array_slot
FN:1129,1163,ngx_conf_set_keyval_slot
FN:1167,1194,ngx_conf_set_num_slot
FN:1198,1225,ngx_conf_set_size_slot
FN:1229,1256,ngx_conf_set_off_slot
FN:1260,1287,ngx_conf_set_msec_slot
FN:1291,1318,ngx_conf_set_sec_slot
FN:1322,1348,ngx_conf_set_bufs_slot
FN:1352,1385,ngx_conf_set_enum_slot
FN:1389,1431,ngx_conf_set_bitmask_slot
FN:1446,1456,ngx_conf_deprecated
FN:1460,1486,ngx_conf_check_num_bounds
FN:158,352,ngx_conf_parse
FN:356,499,ngx_conf_handler
FN:503,817,ngx_conf_read_token
FN:63,98,ngx_conf_param
FN:821,883,ngx_conf_include
FN:887,894,ngx_conf_full_name
FN:898,958,ngx_conf_open_file
FN:962,988,ngx_conf_flush_files
FN:992,1022,ngx_conf_log_error
FNDA:0,ngx_conf_add_dump
FNDA:0,ngx_conf_set_flag_slot
FNDA:0,ngx_conf_set_str_slot
FNDA:0,ngx_conf_set_str_array_slot
FNDA:0,ngx_conf_set_keyval_slot
FNDA:0,ngx_conf_set_num_slot
FNDA:0,ngx_conf_set_size_slot
FNDA:0,ngx_conf_set_off_slot
FNDA:0,ngx_conf_set_msec_slot
FNDA:0,ngx_conf_set_sec_slot
FNDA:0,ngx_conf_set_bufs_slot
FNDA:0,ngx_conf_set_enum_slot
FNDA:0,ngx_conf_set_bitmask_slot
FNDA:0,ngx_conf_deprecated
FNDA:0,ngx_conf_check_num_bounds
FNDA:0,ngx_conf_parse
FNDA:0,ngx_conf_handler
FNDA:0,ngx_conf_read_token
FNDA:0,ngx_conf_param
FNDA:0,ngx_conf_include
FNDA:0,ngx_conf_full_name
FNDA:0,ngx_conf_open_file
FNDA:0,ngx_conf_flush_files
FNDA:0,ngx_conf_log_error
FNF:24
FNH:0
DA:63,0
DA:65,0
DA:66,0
DA:67,0
DA:68,0
DA:70,0
DA:72,0
DA:76,0
DA:78,0
DA:80,0
DA:81,0
DA:82,0
DA:83,0
DA:84,0
DA:86,0
DA:87,0
DA:88,0
DA:90,0
DA:91,0
DA:93,0
DA:95,0
DA:97,0
DA:102,0
DA:104,0
DA:105,0
DA:106,0
DA:107,0
DA:108,0
DA:109,0
DA:111,0
DA:113,0
DA:115,0
DA:116,0
DA:117,0
DA:120,0
DA:121,0
DA:125,0
DA:126,0
DA:130,0
DA:132,0
DA:133,0
DA:137,0
DA:138,0
DA:139,0
DA:141,0
DA:143,0
DA:144,0
DA:148,0
DA:149,0
DA:151,0
DA:153,0
DA:158,0
DA:160,0
DA:161,0
DA:162,0
DA:163,0
DA:164,0
DA:165,0
DA:172,0
DA:173,0
DA:176,0
DA:180,0
DA:182,0
DA:183,0
DA:186,0
DA:189,0
DA:191,0
DA:193,0
DA:194,0
DA:198,0
DA:200,0
DA:201,0
DA:202,0
DA:205,0
DA:206,0
DA:207,0
DA:208,0
DA:210,0
DA:211,0
DA:212,0
DA:213,0
DA:214,0
DA:215,0
DA:217,0
DA:219,0
DA:225,0
DA:226,0
DA:230,0
DA:233,0
DA:235,0
DA:238,0
DA:242,0
DA:243,0
DA:255,0
DA:256,0
DA:259,0
DA:261,0
DA:262,0
DA:263,0
DA:266,0
DA:269,0
DA:271,0
DA:272,0
DA:274,0
DA:277,0
DA:280,0
DA:282,0
DA:283,0
DA:286,0
DA:292,0
DA:299,0
DA:300,0
DA:301,0
DA:304,0
DA:305,0
DA:306,0
DA:309,0
DA:310,0
DA:313,0
DA:315,0
DA:319,0
DA:321,0
DA:322,0
DA:330,0
DA:332,0
DA:333,0
DA:334,0
DA:337,0
DA:338,0
DA:341,0
DA:344,0
DA:347,0
DA:348,0
DA:356,0
DA:358,0
DA:359,0
DA:360,0
DA:361,0
DA:362,0
DA:364,0
DA:366,0
DA:368,0
DA:370,0
DA:371,0
DA:372,0
DA:375,0
DA:377,0
DA:378,0
DA:381,0
DA:382,0
DA:385,0
DA:387,0
DA:388,0
DA:390,0
DA:395,0
DA:396,0
DA:399,0
DA:400,0
DA:403,0
DA:406,0
DA:407,0
DA:410,0
DA:415,0
DA:417,0
DA:419,0
DA:420,0
DA:423,0
DA:425,0
DA:426,0
DA:429,0
DA:431,0
DA:432,0
DA:435,0
DA:437,0
DA:439,0
DA:441,0
DA:447,0
DA:449,0
DA:450,0
DA:452,0
DA:453,0
DA:455,0
DA:456,0
DA:458,0
DA:459,0
DA:463,0
DA:465,0
DA:469,0
DA:473,0
DA:476,0
DA:480,0
DA:481,0
DA:484,0
DA:487,0
DA:490,0
DA:492,0
DA:494,0
DA:498,0
DA:503,0
DA:505,0
DA:506,0
DA:507,0
DA:508,0
DA:509,0
DA:510,0
DA:511,0
DA:512,0
DA:514,0
DA:515,0
DA:516,0
DA:517,0
DA:518,0
DA:519,0
DA:520,0
DA:521,0
DA:523,0
DA:524,0
DA:525,0
DA:526,0
DA:527,0
DA:529,0
DA:531,0
DA:533,0
DA:535,0
DA:537,0
DA:539,0
DA:540,0
DA:543,0
DA:546,0
DA:549,0
DA:555,0
DA:557,0
DA:558,0
DA:560,0
DA:563,0
DA:567,0
DA:570,0
DA:573,0
DA:576,0
DA:579,0
DA:580,0
DA:583,0
DA:585,0
DA:589,0
DA:592,0
DA:596,0
DA:597,0
DA:601,0
DA:604,0
DA:605,0
DA:606,0
DA:608,0
DA:609,0
DA:613,0
DA:615,0
DA:616,0
DA:618,0
DA:623,0
DA:624,0
DA:627,0
DA:628,0
DA:629,0
DA:632,0
DA:633,0
DA:634,0
DA:635,0
DA:636,0
DA:644,0
DA:652,0
DA:654,0
DA:658,0
DA:660,0
DA:661,0
DA:663,0
DA:664,0
DA:667,0
DA:669,0
DA:671,0
DA:672,0
DA:674,0
DA:677,0
DA:681,0
DA:683,0
DA:684,0
DA:685,0
DA:687,0
DA:692,0
DA:693,0
DA:694,0
DA:696,0
DA:697,0
DA:698,0
DA:699,0
DA:701,0
DA:702,0
DA:703,0
DA:704,0
DA:705,0
DA:707,0
DA:708,0
DA:709,0
DA:710,0
DA:711,0
DA:713,0
DA:714,0
DA:715,0
DA:716,0
DA:723,0
DA:724,0
DA:727,0
DA:729,0
DA:730,0
DA:731,0
DA:734,0
DA:735,0
DA:736,0
DA:739,0
DA:740,0
DA:741,0
DA:742,0
DA:743,0
DA:746,0
DA:747,0
DA:748,0
DA:749,0
DA:750,0
DA:753,0
DA:756,0
DA:757,0
DA:760,0
DA:761,0
DA:762,0
DA:766,0
DA:767,0
DA:772,0
DA:773,0
DA:775,0
DA:776,0
DA:777,0
DA:780,0
DA:781,0
DA:783,0
DA:784,0
DA:785,0
DA:786,0
DA:788,0
DA:789,0
DA:790,0
DA:791,0
DA:793,0
DA:794,0
DA:795,0
DA:796,0
DA:800,0
DA:802,0
DA:803,0
DA:805,0
DA:809,0
DA:821,0
DA:823,0
DA:824,0
DA:825,0
DA:826,0
DA:828,0
DA:829,0
DA:831,0
DA:833,0
DA:837,0
DA:839,0
DA:841,0
DA:844,0
DA:846,0
DA:847,0
DA:848,0
DA:850,0
DA:851,0
DA:853,0
DA:858,0
DA:859,0
DA:861,0
DA:865,0
DA:866,0
DA:867,0
DA:871,0
DA:873,0
DA:875,0
DA:880,0
DA:882,0
DA:887,0
DA:889,0
DA:891,0
DA:893,0
DA:898,0
DA:900,0
DA:901,0
DA:902,0
DA:903,0
DA:906,0
DA:909,0
DA:910,0
DA:912,0
DA:916,0
DA:917,0
DA:919,0
DA:921,0
DA:922,0
DA:925,0
DA:926,0
DA:927,0
DA:930,0
DA:931,0
DA:934,0
DA:940,0
DA:941,0
DA:945,0
DA:946,0
DA:947,0
DA:950,0
DA:951,0
DA:954,0
DA:955,0
DA:957,0
DA:962,0
DA:964,0
DA:965,0
DA:966,0
DA:968,0
DA:970,0
DA:971,0
DA:973,0
DA:975,0
DA:976,0
DA:979,0
DA:980,0
DA:981,0
DA:984,0
DA:985,0
DA:988,0
DA:992,0
DA:995,0
DA:996,0
DA:998,0
DA:1000,0
DA:1001,0
DA:1002,0
DA:1004,0
DA:1005,0
DA:1008,0
DA:1009,0
DA:1010,0
DA:1013,0
DA:1014,0
DA:1016,0
DA:1019,0
DA:1026,0
DA:1028,0
DA:1030,0
DA:1031,0
DA:1032,0
DA:1034,0
DA:1036,0
DA:1040,0
DA:1042,0
DA:1043,0
DA:1045,0
DA:1046,0
DA:1049,0
DA:1053,0
DA:1056,0
DA:1057,0
DA:1058,0
DA:1066,0
DA:1068,0
DA:1070,0
DA:1071,0
DA:1073,0
DA:1075,0
DA:1079,0
DA:1081,0
DA:1083,0
DA:1084,0
DA:1085,0
DA:1093,0
DA:1095,0
DA:1097,0
DA:1098,0
DA:1099,0
DA:1101,0
DA:1103,0
DA:1104,0
DA:1105,0
DA:1110,0
DA:1111,0
DA:1115,0
DA:1117,0
DA:1119,0
DA:1120,0
DA:1121,0
DA:1129,0
DA:1131,0
DA:1133,0
DA:1134,0
DA:1135,0
DA:1136,0
DA:1138,0
DA:1140,0
DA:1141,0
DA:1142,0
DA:1147,0
DA:1148,0
DA:1152,0
DA:1154,0
DA:1155,0
DA:1157,0
DA:1158,0
DA:1159,0
DA:1167,0
DA:1169,0
DA:1171,0
DA:1172,0
DA:1173,0
DA:1176,0
DA:1178,0
DA:1182,0
DA:1183,0
DA:1184,0
DA:1188,0
DA:1189,0
DA:1190,0
DA:1198,0
DA:1200,0
DA:1202,0
DA:1203,0
DA:1204,0
DA:1207,0
DA:1208,0
DA:1212,0
DA:1214,0
DA:1215,0
DA:1219,0
DA:1220,0
DA:1221,0
DA:1229,0
DA:1231,0
DA:1233,0
DA:1234,0
DA:1235,0
DA:1238,0
DA:1239,0
DA:1243,0
DA:1245,0
DA:1246,0
DA:1250,0
DA:1251,0
DA:1252,0
DA:1260,0
DA:1262,0
DA:1264,0
DA:1265,0
DA:1266,0
DA:1269,0
DA:1270,0
DA:1274,0
DA:1276,0
DA:1277,0
DA:1281,0
DA:1282,0
DA:1283,0
DA:1291,0
DA:1293,0
DA:1295,0
DA:1296,0
DA:1297,0
DA:1300,0
DA:1301,0
DA:1305,0
DA:1307,0
DA:1308,0
DA:1312,0
DA:1313,0
DA:1314,0
DA:1322,0
DA:1324,0
DA:1326,0
DA:1327,0
DA:1330,0
DA:1331,0
DA:1335,0
DA:1337,0
DA:1338,0
DA:1342,0
DA:1343,0
DA:1344,0
DA:1352,0
DA:1354,0
DA:1356,0
DA:1357,0
DA:1358,0
DA:1360,0
DA:1362,0
DA:1366,0
DA:1367,0
DA:1369,0
DA:1370,0
DA:1371,0
DA:1373,0
DA:1376,0
DA:1378,0
DA:1381,0
DA:1384,0
DA:1389,0
DA:1391,0
DA:1393,0
DA:1394,0
DA:1395,0
DA:1398,0
DA:1399,0
DA:1400,0
DA:1402,0
DA:1403,0
DA:1405,0
DA:1406,0
DA:1408,0
DA:1411,0
DA:1412,0
DA:1416,0
DA:1422,0
DA:1423,0
DA:1424,0
DA:1426,0
DA:1446,0
DA:1448,0
DA:1450,0
DA:1455,0
DA:1460,0
DA:1462,0
DA:1463,0
DA:1465,0
DA:1466,0
DA:1470,0
DA:1474,0
DA:1477,0
DA:1481,0
DA:1485,0
LF:644
LH:0
end_of_record
TN:
SF:/home/opo/nginx/src/core/ngx_connection.c
FN:1100,1175,ngx_close_listening_sockets
FN:1179,1241,ngx_get_connection
FN:1245,1254,ngx_free_connection
FN:1258,1342,ngx_close_connection
FN:1346,1373,ngx_reusable_connection
FN:135,403,ngx_set_inherited_sockets
FN:1377,1430,ngx_drain_connections
FN:1434,1450,ngx_close_idle_connections
FN:1454,1522,ngx_connection_local_sockaddr
FN:1526,1565,ngx_tcp_nodelay
FN:1569,1629,ngx_connection_error
FN:20,95,ngx_create_listening
FN:407,712,ngx_open_listening_sockets
FN:716,1096,ngx_configure_listening_sockets
FN:99,131,ngx_clone_listening
FNDA:0,ngx_close_listening_sockets
FNDA:0,ngx_get_connection
FNDA:0,ngx_free_connection
FNDA:0,ngx_close_connection
FNDA:0,ngx_reusable_connection
FNDA:0,ngx_set_inherited_sockets
FNDA:0,ngx_drain_connections
FNDA:0,ngx_close_idle_connections
FNDA:0,ngx_connection_local_sockaddr
FNDA:0,ngx_tcp_nodelay
FNDA:0,ngx_connection_error
FNDA:0,ngx_create_listening
FNDA:0,ngx_open_listening_sockets
FNDA:0,ngx_configure_listening_sockets
FNDA:0,ngx_clone_listening
FNF:15
FNH:0
DA:20,0
DA:23,0
DA:24,0
DA:25,0
DA:26,0
DA:28,0
DA:29,0
DA:33,0
DA:35,0
DA:36,0
DA:40,0
DA:42,0
DA:43,0
DA:45,0
DA:46,0
DA:48,0
DA:50,0
DA:51,0
DA:52,0
DA:55,0
DA:56,0
DA:57,0
DA:58,0
DA:60,0
DA:61,0
DA:62,0
DA:63,0
DA:64,0
DA:65,0
DA:68,0
DA:69,0
DA:73,0
DA:76,0
DA:79,0
DA:80,0
DA:82,0
DA:83,0
DA:84,0
DA:91,0
DA:94,0
DA:99,0
DA:103,0
DA:104,0
DA:105,0
DA:107,0
DA:111,0
DA:113,0
DA:115,0
DA:119,0
DA:120,0
DA:124,0
DA:125,0
DA:135,0
DA:137,0
DA:138,0
DA:139,0
DA:140,0
DA:142,0
DA:148,0
DA:151,0
DA:154,0
DA:155,0
DA:157,0
DA:158,0
DA:162,0
DA:163,0
DA:164,0
DA:167,0
DA:168,0
DA:171,0
DA:172,0
DA:175,0
DA:178,0
DA:179,0
DA:180,0
DA:181,0
DA:185,0
DA:186,0
DA:187,0
DA:188,0
DA:191,0
DA:192,0
DA:193,0
DA:194,0
DA:196,0
DA:197,0
DA:200,0
DA:201,0
DA:204,0
DA:205,0
DA:209,0
DA:211,0
DA:215,0
DA:217,0
DA:219,0
DA:221,0
DA:225,0
DA:227,0
DA:228,0
DA:231,0
DA:233,0
DA:237,0
DA:241,0
DA:244,0
DA:246,0
DA:250,0
DA:254,0
DA:280,0
DA:281,0
DA:299,0
DA:303,0
DA:308,0
DA:314,0
DA:315,0
DA:320,0
DA:322,0
DA:323,0
DA:326,0
DA:328,0
DA:329,0
DA:331,0
DA:336,0
DA:376,0
DA:377,0
DA:379,0
DA:382,0
DA:384,0
DA:385,0
DA:388,0
DA:391,0
DA:394,0
DA:395,0
DA:398,0
DA:407,0
DA:409,0
DA:410,0
DA:411,0
DA:412,0
DA:413,0
DA:414,0
DA:416,0
DA:418,0
DA:421,0
DA:425,0
DA:426,0
DA:430,0
DA:431,0
DA:433,0
DA:434,0
DA:439,0
DA:447,0
DA:463,0
DA:467,0
DA:473,0
DA:477,0
DA:478,0
DA:481,0
DA:487,0
DA:490,0
DA:492,0
DA:493,0
DA:495,0
DA:498,0
DA:500,0
DA:504,0
DA:508,0
DA:509,0
DA:514,0
DA:520,0
DA:521,0
DA:523,0
DA:546,0
DA:550,0
DA:554,0
DA:555,0
DA:560,0
DA:568,0
DA:569,0
DA:571,0
DA:573,0
DA:577,0
DA:585,0
DA:586,0
DA:587,0
DA:591,0
DA:592,0
DA:597,0
DA:602,0
DA:604,0
DA:605,0
DA:607,0
DA:608,0
DA:612,0
DA:613,0
DA:618,0
DA:622,0
DA:623,0
DA:626,0
DA:631,0
DA:632,0
DA:633,0
DA:635,0
DA:636,0
DA:638,0
DA:639,0
DA:643,0
DA:644,0
DA:645,0
DA:652,0
DA:653,0
DA:654,0
DA:657,0
DA:658,0
DA:666,0
DA:667,0
DA:672,0
DA:673,0
DA:678,0
DA:682,0
DA:683,0
DA:686,0
DA:689,0
DA:691,0
DA:694,0
DA:700,0
DA:703,0
DA:706,0
DA:707,0
DA:708,0
DA:716,0
DA:718,0
DA:719,0
DA:720,0
DA:726,0
DA:727,0
DA:729,0
DA:731,0
DA:732,0
DA:733,0
DA:736,0
DA:742,0
DA:743,0
DA:744,0
DA:747,0
DA:753,0
DA:754,0
DA:756,0
DA:760,0
DA:770,0
DA:771,0
DA:777,0
DA:781,0
DA:789,0
DA:790,0
DA:796,0
DA:800,0
DA:806,0
DA:807,0
DA:808,0
DA:811,0
DA:833,0
DA:834,0
DA:835,0
DA:838,0
DA:860,0
DA:864,0
DA:865,0
DA:925,0
DA:927,0
DA:934,0
DA:937,0
DA:940,0
DA:944,0
DA:949,0
DA:953,0
DA:954,0
DA:982,0
DA:983,0
DA:984,0
DA:986,0
DA:988,0
DA:992,0
DA:1003,0
DA:1004,0
DA:1005,0
DA:1007,0
DA:1009,0
DA:1013,0
DA:1024,0
DA:1025,0
DA:1027,0
DA:1031,0
DA:1060,0
DA:1061,0
DA:1063,0
DA:1067,0
DA:1095,0
DA:1100,0
DA:1102,0
DA:1103,0
DA:1104,0
DA:1106,0
DA:1110,0
DA:1111,0
DA:1113,0
DA:1114,0
DA:1122,0
DA:1124,0
DA:1125,0
DA:1126,0
DA:1134,0
DA:1137,0
DA:1141,0
DA:1143,0
DA:1147,0
DA:1149,0
DA:1150,0
DA:1156,0
DA:1157,0
DA:1158,0
DA:1159,0
DA:1161,0
DA:1163,0
DA:1164,0
DA:1171,0
DA:1174,0
DA:1179,0
DA:1181,0
DA:1182,0
DA:1183,0
DA:1187,0
DA:1188,0
DA:1192,0
DA:1195,0
DA:1197,0
DA:1199,0
DA:1200,0
DA:1204,0
DA:1207,0
DA:1208,0
DA:1210,0
DA:1211,0
DA:1214,0
DA:1215,0
DA:1217,0
DA:1219,0
DA:1220,0
DA:1221,0
DA:1222,0
DA:1224,0
DA:1226,0
DA:1227,0
DA:1229,0
DA:1230,0
DA:1232,0
DA:1233,0
DA:1235,0
DA:1236,0
DA:1238,0
DA:1240,0
DA:1245,0
DA:1247,0
DA:1248,0
DA:1249,0
DA:1251,0
DA:1252,0
DA:1254,0
DA:1258,0
DA:1260,0
DA:1261,0
DA:1262,0
DA:1264,0
DA:1265,0
DA:1266,0
DA:1269,0
DA:1270,0
DA:1273,0
DA:1274,0
DA:1277,0
DA:1278,0
DA:1279,0
DA:1282,0
DA:1283,0
DA:1286,0
DA:1287,0
DA:1292,0
DA:1293,0
DA:1296,0
DA:1297,0
DA:1300,0
DA:1301,0
DA:1303,0
DA:1305,0
DA:1307,0
DA:1309,0
DA:1310,0
DA:1312,0
DA:1316,0
DA:1318,0
DA:1320,0
DA:1322,0
DA:1328,0
DA:1329,0
DA:1330,0
DA:1332,0
DA:1333,0
DA:1340,0
DA:1346,0
DA:1349,0
DA:1351,0
DA:1352,0
DA:1353,0
DA:1360,0
DA:1362,0
DA:1365,0
DA:1367,0
DA:1373,0
DA:1377,0
DA:1379,0
DA:1380,0
DA:1381,0
DA:1383,0
DA:1384,0
DA:1389,0
DA:1390,0
DA:1392,0
DA:1398,0
DA:1399,0
DA:1401,0
DA:1402,0
DA:1406,0
DA:1407,0
DA:1410,0
DA:1412,0
DA:1413,0
DA:1416,0
DA:1425,0
DA:1427,0
DA:1428,0
DA:1434,0
DA:1436,0
DA:1437,0
DA:1439,0
DA:1441,0
DA:1445,0
DA:1446,0
DA:1447,0
DA:1450,0
DA:1454,0
DA:1457,0
DA:1458,0
DA:1459,0
DA:1460,0
DA:1462,0
DA:1463,0
DA:1466,0
DA:1468,0
DA:1469,0
DA:1475,0
DA:1476,0
DA:1488,0
DA:1489,0
DA:1490,0
DA:1491,0
DA:1495,0
DA:1497,0
DA:1499,0
DA:1500,0
DA:1501,0
DA:1504,0
DA:1505,0
DA:1509,0
DA:1511,0
DA:1514,0
DA:1518,0
DA:1521,0
DA:1526,0
DA:1528,0
DA:1530,0
DA:1534,0
DA:1536,0
DA:1538,0
DA:1557,0
DA:1559,0
DA:1562,0
DA:1564,0
DA:1569,0
DA:1571,0
DA:1575,0
DA:1579,0
DA:1590,0
DA:1594,0
DA:1595,0
DA:1599,0
DA:1601,0
DA:1603,0
DA:1605,0
DA:1607,0
DA:1609,0
DA:1618,0
DA:1619,0
DA:1626,0
LF:502
LH:0
end_of_record
TN:
SF:/home/opo/nginx/src/core/ngx_cpuinfo.c
FN:73,128,ngx_cpuinfo
FNDA:0,ngx_cpuinfo
FNF:1
FNH:0
DA:50,0
DA:52,0
DA:54,0
DA:60,0
DA:61,0
DA:62,0
DA:63,0
DA:73,0
DA:75,0
DA:76,0
DA:78,0
DA:79,0
DA:80,0
DA:81,0
DA:82,0
DA:84,0
DA:86,0
DA:88,0
DA:89,0
DA:92,0
DA:94,0
DA:96,0
DA:99,0
DA:100,0
DA:101,0
DA:104,0
DA:105,0
DA:107,0
DA:109,0
DA:111,0
DA:120,0
DA:121,0
DA:122,0
DA:125,0
DA:126,0
LF:35
LH:0
end_of_record
TN:
SF:/home/opo/nginx/src/core/ngx_crc32.c
FN:106,129,ngx_crc32_table_init
FNDA:0,ngx_crc32_table_init
FNF:1
FNH:0
DA:106,0
DA:108,0
DA:110,0
DA:111,0
DA:117,0
DA:118,0
DA:122,0
DA:124,0
DA:126,0
DA:128,0
LF:10
LH:0
end_of_record
TN:
SF:/home/opo/nginx/src/core/ngx_crc32.h
FN:21,35,ngx_crc32_short
FN:39,50,ngx_crc32_long
FN:58,69,ngx_crc32_update
FNDA:0,ngx_crc32_short
FNDA:0,ngx_crc32_long
FNDA:0,ngx_crc32_update
FNF:3
FNH:0
DA:21,0
DA:23,0
DA:24,0
DA:26,0
DA:28,0
DA:29,0
DA:30,0
DA:31,0
DA:34,0
DA:39,0
DA:41,0
DA:43,0
DA:45,0
DA:46,0
DA:49,0
DA:58,0
DA:60,0
DA:62,0
DA:64,0
DA:65,0
DA:68,0
DA:69,0
LF:22
LH:0
end_of_record
TN:
SF:/home/opo/nginx/src/core/ngx_crypt.c
FN:153,164,ngx_crypt_to64
FN:168,184,ngx_crypt_plain
FN:188,236,ngx_crypt_ssha
FN:240,268,ngx_crypt_sha
FN:30,48,ngx_crypt
FN:52,149,ngx_crypt_apr1
FNDA:0,ngx_crypt_to64
FNDA:0,ngx_crypt_plain
FNDA:0,ngx_crypt_ssha
FNDA:0,ngx_crypt_sha
FNDA:0,ngx_crypt
FNDA:0,ngx_crypt_apr1
FNF:6
FNH:0
DA:30,0
DA:32,0
DA:33,0
DA:35,0
DA:36,0
DA:38,0
DA:39,0
DA:41,0
DA:42,0
DA:47,0
DA:52,0
DA:54,0
DA:55,0
DA:56,0
DA:57,0
DA:58,0
DA:62,0
DA:66,0
DA:67,0
DA:68,0
DA:69,0
DA:73,0
DA:74,0
DA:75,0
DA:76,0
DA:78,0
DA:79,0
DA:80,0
DA:81,0
DA:82,0
DA:84,0
DA:85,0
DA:88,0
DA:90,0
DA:91,0
DA:92,0
DA:95,0
DA:99,0
DA:101,0
DA:102,0
DA:104,0
DA:105,0
DA:108,0
DA:111,0
DA:112,0
DA:115,0
DA:116,0
DA:119,0
DA:120,0
DA:123,0
DA:126,0
DA:131,0
DA:132,0
DA:136,0
DA:137,0
DA:138,0
DA:140,0
DA:141,0
DA:142,0
DA:143,0
DA:144,0
DA:145,0
DA:146,0
DA:148,0
DA:153,0
DA:155,0
DA:158,0
DA:159,0
DA:160,0
DA:163,0
DA:168,0
DA:170,0
DA:171,0
DA:173,0
DA:175,0
DA:176,0
DA:180,0
DA:181,0
DA:183,0
DA:188,0
DA:190,0
DA:191,0
DA:192,0
DA:193,0
DA:199,0
DA:200,0
DA:202,0
DA:204,0
DA:205,0
DA:209,0
DA:211,0
DA:212,0
DA:217,0
DA:218,0
DA:219,0
DA:220,0
DA:224,0
DA:226,0
DA:227,0
DA:231,0
DA:232,0
DA:233,0
DA:235,0
DA:240,0
DA:242,0
DA:243,0
DA:244,0
DA:245,0
DA:249,0
DA:250,0
DA:252,0
DA:253,0
DA:254,0
DA:256,0
DA:258,0
DA:259,0
DA:263,0
DA:264,0
DA:265,0
DA:267,0
LF:120
LH:0
end_of_record
TN:
SF:/home/opo/nginx/src/core/ngx_cycle.c
FN:1024,1068,ngx_create_pidfile
FN:1072,1085,ngx_delete_pidfile
FN:1089,1139,ngx_signal_process
FN:1143,1170,ngx_test_lockfile
FN:1174,1294,ngx_reopen_files
FN:1298,1368,ngx_shared_memory_add
FN:1372,1425,ngx_clean_old_cycles
FN:1429,1443,ngx_set_shutdown_timer
FN:1447,1476,ngx_shutdown_timer_handler
FN:39,946,ngx_init_cycle
FN:950,954,ngx_destroy_cycle_pools
FN:958,1020,ngx_init_zone_pool
FNDA:0,ngx_create_pidfile
FNDA:0,ngx_delete_pidfile
FNDA:0,ngx_signal_process
FNDA:0,ngx_test_lockfile
FNDA:0,ngx_reopen_files
FNDA:0,ngx_shared_memory_add
FNDA:0,ngx_clean_old_cycles
FNDA:0,ngx_set_shutdown_timer
FNDA:0,ngx_shutdown_timer_handler
FNDA:0,ngx_init_cycle
FNDA:0,ngx_destroy_cycle_pools
FNDA:0,ngx_init_zone_pool
FNF:12
FNH:0
DA:39,0
DA:40,0
DA:41,0
DA:42,0
DA:43,0
DA:44,0
DA:45,0
DA:46,0
DA:47,0
DA:48,0
DA:49,0
DA:50,0
DA:51,0
DA:52,0
DA:53,0
DA:54,0
DA:55,0
DA:57,0
DA:61,0
DA:62,0
DA:64,0
DA:67,0
DA:69,0
DA:70,0
DA:73,0
DA:75,0
DA:76,0
DA:77,0
DA:78,0
DA:81,0
DA:82,0
DA:83,0
DA:85,0
DA:86,0
DA:87,0
DA:88,0
DA:89,0
DA:92,0
DA:93,0
DA:94,0
DA:95,0
DA:96,0
DA:99,0
DA:100,0
DA:101,0
DA:102,0
DA:103,0
DA:105,0
DA:106,0
DA:108,0
DA:109,0
DA:110,0
DA:111,0
DA:112,0
DA:114,0
DA:115,0
DA:117,0
DA:118,0
DA:119,0
DA:120,0
DA:121,0
DA:125,0
DA:127,0
DA:130,0
DA:131,0
DA:134,0
DA:137,0
DA:140,0
DA:141,0
DA:144,0
DA:147,0
DA:148,0
DA:149,0
DA:150,0
DA:157,0
DA:160,0
DA:161,0
DA:165,0
DA:166,0
DA:167,0
DA:169,0
DA:176,0
DA:179,0
DA:180,0
DA:183,0
DA:185,0
DA:188,0
DA:189,0
DA:192,0
DA:195,0
DA:198,0
DA:199,0
DA:200,0
DA:201,0
DA:205,0
DA:206,0
DA:207,0
DA:208,0
DA:213,0
DA:214,0
DA:216,0
DA:217,0
DA:218,0
DA:219,0
DA:222,0
DA:225,0
DA:226,0
DA:227,0
DA:231,0
DA:232,0
DA:233,0
DA:236,0
DA:238,0
DA:239,0
DA:240,0
DA:241,0
DA:242,0
DA:244,0
DA:249,0
DA:252,0
DA:254,0
DA:255,0
DA:256,0
DA:257,0
DA:260,0
DA:261,0
DA:262,0
DA:263,0
DA:267,0
DA:268,0
DA:269,0
DA:270,0
DA:271,0
DA:272,0
DA:278,0
DA:279,0
DA:280,0
DA:281,0
DA:284,0
DA:285,0
DA:286,0
DA:287,0
DA:290,0
DA:291,0
DA:295,0
DA:296,0
DA:297,0
DA:300,0
DA:302,0
DA:303,0
DA:304,0
DA:307,0
DA:308,0
DA:309,0
DA:314,0
DA:318,0
DA:320,0
DA:322,0
DA:323,0
DA:326,0
DA:333,0
DA:335,0
DA:336,0
DA:340,0
DA:341,0
DA:344,0
DA:349,0
DA:350,0
DA:354,0
DA:355,0
DA:359,0
DA:360,0
DA:365,0
DA:366,0
DA:368,0
DA:370,0
DA:371,0
DA:374,0
DA:375,0
DA:376,0
DA:379,0
DA:380,0
DA:383,0
DA:390,0
DA:392,0
DA:393,0
DA:396,0
DA:400,0
DA:401,0
DA:404,0
DA:409,0
DA:410,0
DA:415,0
DA:416,0
DA:418,0
DA:420,0
DA:421,0
DA:424,0
DA:425,0
DA:426,0
DA:429,0
DA:430,0
DA:433,0
DA:436,0
DA:438,0
DA:439,0
DA:441,0
DA:443,0
DA:445,0
DA:446,0
DA:449,0
DA:450,0
DA:451,0
DA:454,0
DA:455,0
DA:458,0
DA:463,0
DA:466,0
DA:467,0
DA:468,0
DA:471,0
DA:472,0
DA:474,0
DA:479,0
DA:482,0
DA:485,0
DA:491,0
DA:492,0
DA:495,0
DA:496,0
DA:499,0
DA:500,0
DA:503,0
DA:505,0
DA:511,0
DA:512,0
DA:513,0
DA:514,0
DA:517,0
DA:518,0
DA:520,0
DA:521,0
DA:522,0
DA:525,0
DA:526,0
DA:529,0
DA:530,0
DA:533,0
DA:537,0
DA:538,0
DA:539,0
DA:540,0
DA:542,0
DA:543,0
DA:573,0
DA:574,0
DA:576,0
DA:578,0
DA:583,0
DA:584,0
DA:592,0
DA:593,0
DA:600,0
DA:601,0
DA:608,0
DA:609,0
DA:610,0
DA:617,0
DA:618,0
DA:624,0
DA:625,0
DA:628,0
DA:629,0
DA:635,0
DA:636,0
DA:639,0
DA:641,0
DA:643,0
DA:651,0
DA:652,0
DA:654,0
DA:656,0
DA:657,0
DA:658,0
DA:660,0
DA:661,0
DA:662,0
DA:665,0
DA:666,0
DA:668,0
DA:670,0
DA:671,0
DA:674,0
DA:675,0
DA:676,0
DA:679,0
DA:680,0
DA:683,0
DA:688,0
DA:691,0
DA:692,0
DA:693,0
DA:695,0
DA:701,0
DA:703,0
DA:705,0
DA:708,0
DA:713,0
DA:714,0
DA:716,0
DA:717,0
DA:720,0
DA:721,0
DA:728,0
DA:729,0
DA:731,0
DA:733,0
DA:736,0
DA:737,0
DA:748,0
DA:749,0
DA:751,0
DA:753,0
DA:754,0
DA:757,0
DA:758,0
DA:759,0
DA:762,0
DA:763,0
DA:766,0
DA:767,0
DA:773,0
DA:775,0
DA:777,0
DA:778,0
DA:780,0
DA:784,0
DA:785,0
DA:786,0
DA:787,0
DA:789,0
DA:792,0
DA:794,0
DA:798,0
DA:801,0
DA:803,0
DA:804,0
DA:805,0
DA:806,0
DA:809,0
DA:811,0
DA:812,0
DA:813,0
DA:815,0
DA:817,0
DA:818,0
DA:819,0
DA:825,0
DA:827,0
DA:828,0
DA:830,0
DA:831,0
DA:837,0
DA:838,0
DA:840,0
DA:842,0
DA:843,0
DA:846,0
DA:847,0
DA:848,0
DA:851,0
DA:852,0
DA:855,0
DA:856,0
DA:864,0
DA:865,0
DA:867,0
DA:869,0
DA:870,0
DA:873,0
DA:874,0
DA:875,0
DA:878,0
DA:879,0
DA:882,0
DA:883,0
DA:885,0
DA:887,0
DA:888,0
DA:891,0
DA:892,0
DA:893,0
DA:896,0
DA:897,0
DA:900,0
DA:905,0
DA:908,0
DA:909,0
DA:910,0
DA:912,0
DA:918,0
DA:920,0
DA:922,0
DA:925,0
DA:926,0
DA:927,0
DA:930,0
DA:931,0
DA:932,0
DA:933,0
DA:936,0
DA:937,0
DA:943,0
DA:945,0
DA:950,0
DA:952,0
DA:953,0
DA:954,0
DA:958,0
DA:960,0
DA:961,0
DA:963,0
DA:965,0
DA:967,0
DA:987,0
DA:990,0
DA:993,0
DA:994,0
DA:995,0
DA:999,0
DA:1013,0
DA:1017,0
DA:1019,0
DA:1024,0
DA:1026,0
DA:1027,0
DA:1028,0
DA:1029,0
DA:1030,0
DA:1032,0
DA:1036,0
DA:1038,0
DA:1039,0
DA:1041,0
DA:1043,0
DA:1046,0
DA:1047,0
DA:1049,0
DA:1052,0
DA:1054,0
DA:1055,0
DA:1057,0
DA:1058,0
DA:1062,0
DA:1063,0
DA:1072,0
DA:1074,0
DA:1075,0
DA:1077,0
DA:1079,0
DA:1081,0
DA:1082,0
DA:1085,0
DA:1089,0
DA:1091,0
DA:1092,0
DA:1093,0
DA:1094,0
DA:1095,0
DA:1097,0
DA:1099,0
DA:1101,0
DA:1103,0
DA:1104,0
DA:1106,0
DA:1109,0
DA:1110,0
DA:1112,0
DA:1115,0
DA:1117,0
DA:1118,0
DA:1122,0
DA:1126,0
DA:1128,0
DA:1130,0
DA:1131,0
DA:1134,0
DA:1137,0
DA:1143,0
DA:1169,0
DA:1174,0
DA:1176,0
DA:1177,0
DA:1178,0
DA:1179,0
DA:1181,0
DA:1182,0
DA:1184,0
DA:1186,0
DA:1187,0
DA:1190,0
DA:1191,0
DA:1192,0
DA:1195,0
DA:1196,0
DA:1199,0
DA:1200,0
DA:1203,0
DA:1208,0
DA:1210,0
DA:1211,0
DA:1213,0
DA:1217,0
DA:1218,0
DA:1220,0
DA:1221,0
DA:1225,0
DA:1226,0
DA:1231,0
DA:1234,0
DA:1235,0
DA:1236,0
DA:1240,0
DA:1241,0
DA:1246,0
DA:1250,0
DA:1252,0
DA:1254,0
DA:1255,0
DA:1258,0
DA:1259,0
DA:1264,0
DA:1269,0
DA:1270,0
DA:1274,0
DA:1275,0
DA:1280,0
DA:1284,0
DA:1285,0
DA:1290,0
DA:1293,0
DA:1294,0
DA:1298,0
DA:1300,0
DA:1301,0
DA:1302,0
DA:1304,0
DA:1305,0
DA:1307,0
DA:1309,0
DA:1310,0
DA:1313,0
DA:1314,0
DA:1315,0
DA:1318,0
DA:1319,0
DA:1322,0
DA:1325,0
DA:1328,0
DA:1329,0
DA:1333,0
DA:1336,0
DA:1337,0
DA:1340,0
DA:1341,0
DA:1345,0
DA:1351,0
DA:1353,0
DA:1357,0
DA:1358,0
DA:1359,0
DA:1360,0
DA:1361,0
DA:1362,0
DA:1363,0
DA:1364,0
DA:1365,0
DA:1367,0
DA:1372,0
DA:1374,0
DA:1375,0
DA:1376,0
DA:1378,0
DA:1379,0
DA:1381,0
DA:1383,0
DA:1385,0
DA:1386,0
DA:1388,0
DA:1389,0
DA:1392,0
DA:1394,0
DA:1395,0
DA:1404,0
DA:1405,0
DA:1406,0
DA:1409,0
DA:1411,0
DA:1412,0
DA:1415,0
DA:1417,0
DA:1418,0
DA:1421,0
DA:1422,0
DA:1423,0
DA:1425,0
DA:1429,0
DA:1431,0
DA:1433,0
DA:1435,0
DA:1436,0
DA:1437,0
DA:1438,0
DA:1439,0
DA:1441,0
DA:1443,0
DA:1447,0
DA:1449,0
DA:1450,0
DA:1451,0
DA:1453,0
DA:1455,0
DA:1457,0
DA:1459,0
DA:1460,0
DA:1463,0
DA:1465,0
DA:1469,0
DA:1471,0
DA:1472,0
DA:1474,0
DA:1476,0
LF:632
LH:0
end_of_record
TN:
SF:/home/opo/nginx/src/core/ngx_file.c
FN:109,137,ngx_write_chain_to_temp_file
FN:141,237,ngx_create_temp_file
FN:21,55,ngx_get_full_name
FN:241,262,ngx_create_hashed_filename
FN:266,300,ngx_create_path
FN:304,344,ngx_create_full_path
FN:348,357,ngx_next_temp_number
FN:361,417,ngx_conf_set_path_slot
FN:421,456,ngx_conf_merge_path_value
FN:460,522,ngx_conf_set_access_slot
FN:526,594,ngx_add_path
FN:59,105,ngx_test_full_name
FN:598,656,ngx_create_paths
FN:660,791,ngx_ext_rename_file
FN:795,924,ngx_copy_file
FN:946,1128,ngx_walk_tree
FNDA:0,ngx_write_chain_to_temp_file
FNDA:0,ngx_create_temp_file
FNDA:0,ngx_get_full_name
FNDA:0,ngx_create_hashed_filename
FNDA:0,ngx_create_path
FNDA:0,ngx_create_full_path
FNDA:0,ngx_next_temp_number
FNDA:0,ngx_conf_set_path_slot
FNDA:0,ngx_conf_merge_path_value
FNDA:0,ngx_conf_set_access_slot
FNDA:0,ngx_add_path
FNDA:0,ngx_test_full_name
FNDA:0,ngx_create_paths
FNDA:0,ngx_ext_rename_file
FNDA:0,ngx_copy_file
FNDA:0,ngx_walk_tree
FNF:16
FNH:0
DA:21,0
DA:23,0
DA:24,0
DA:25,0
DA:27,0
DA:29,0
DA:33,0
DA:43,0
DA:44,0
DA:48,0
DA:49,0
DA:51,0
DA:52,0
DA:54,0
DA:59,0
DA:98,0
DA:99,0
DA:109,0
DA:111,0
DA:113,0
DA:114,0
DA:115,0
DA:117,0
DA:121,0
DA:122,0
DA:136,0
DA:141,0
DA:144,0
DA:145,0
DA:146,0
DA:147,0
DA:148,0
DA:149,0
DA:150,0
DA:151,0
DA:153,0
DA:154,0
DA:155,0
DA:156,0
DA:159,0
DA:160,0
DA:161,0
DA:164,0
DA:166,0
DA:167,0
DA:177,0
DA:179,0
DA:180,0
DA:183,0
DA:185,0
DA:187,0
DA:188,0
DA:192,0
DA:193,0
DA:195,0
DA:196,0
DA:200,0
DA:202,0
DA:205,0
DA:207,0
DA:209,0
DA:210,0
DA:212,0
DA:213,0
DA:214,0
DA:216,0
DA:219,0
DA:221,0
DA:222,0
DA:223,0
DA:226,0
DA:227,0
DA:230,0
DA:233,0
DA:241,0
DA:243,0
DA:244,0
DA:246,0
DA:248,0
DA:250,0
DA:251,0
DA:253,0
DA:257,0
DA:258,0
DA:259,0
DA:260,0
DA:262,0
DA:266,0
DA:268,0
DA:269,0
DA:270,0
DA:272,0
DA:274,0
DA:275,0
DA:279,0
DA:281,0
DA:284,0
DA:286,0
DA:287,0
DA:288,0
DA:289,0
DA:292,0
DA:296,0
DA:304,0
DA:306,0
DA:307,0
DA:309,0
DA:314,0
DA:317,0
DA:318,0
DA:320,0
DA:321,0
DA:324,0
DA:326,0
DA:327,0
DA:329,0
DA:330,0
DA:331,0
DA:340,0
DA:348,0
DA:350,0
DA:352,0
DA:354,0
DA:356,0
DA:361,0
DA:363,0
DA:365,0
DA:366,0
DA:367,0
DA:368,0
DA:370,0
DA:372,0
DA:376,0
DA:377,0
DA:381,0
DA:383,0
DA:385,0
DA:386,0
DA:389,0
DA:393,0
DA:394,0
DA:396,0
DA:397,0
DA:398,0
DA:402,0
DA:403,0
DA:406,0
DA:410,0
DA:412,0
DA:413,0
DA:421,0
DA:424,0
DA:426,0
DA:430,0
DA:431,0
DA:432,0
DA:435,0
DA:436,0
DA:440,0
DA:442,0
DA:446,0
DA:447,0
DA:448,0
DA:451,0
DA:452,0
DA:460,0
DA:462,0
DA:464,0
DA:465,0
DA:466,0
DA:468,0
DA:470,0
DA:474,0
DA:476,0
DA:477,0
DA:479,0
DA:481,0
DA:483,0
DA:484,0
DA:485,0
DA:486,0
DA:488,0
DA:489,0
DA:490,0
DA:492,0
DA:493,0
DA:494,0
DA:497,0
DA:500,0
DA:503,0
DA:507,0
DA:510,0
DA:513,0
DA:515,0
DA:517,0
DA:519,0
DA:521,0
DA:526,0
DA:528,0
DA:529,0
DA:531,0
DA:533,0
DA:534,0
DA:535,0
DA:536,0
DA:538,0
DA:539,0
DA:543,0
DA:546,0
DA:547,0
DA:548,0
DA:549,0
DA:550,0
DA:556,0
DA:559,0
DA:565,0
DA:568,0
DA:572,0
DA:575,0
DA:580,0
DA:582,0
DA:586,0
DA:587,0
DA:591,0
DA:593,0
DA:598,0
DA:600,0
DA:601,0
DA:602,0
DA:604,0
DA:605,0
DA:607,0
DA:608,0
DA:609,0
DA:610,0
DA:613,0
DA:617,0
DA:618,0
DA:623,0
DA:625,0
DA:626,0
DA:628,0
DA:631,0
DA:632,0
DA:633,0
DA:636,0
DA:640,0
DA:643,0
DA:645,0
DA:646,0
DA:648,0
DA:660,0
DA:662,0
DA:663,0
DA:664,0
DA:668,0
DA:669,0
DA:670,0
DA:672,0
DA:673,0
DA:679,0
DA:680,0
DA:681,0
DA:683,0
DA:684,0
DA:688,0
DA:692,0
DA:694,0
DA:696,0
DA:697,0
DA:700,0
DA:702,0
DA:703,0
DA:705,0
DA:706,0
DA:709,0
DA:713,0
DA:728,0
DA:730,0
DA:731,0
DA:732,0
DA:733,0
DA:734,0
DA:736,0
DA:737,0
DA:741,0
DA:742,0
DA:744,0
DA:746,0
DA:747,0
DA:749,0
DA:750,0
DA:753,0
DA:759,0
DA:763,0
DA:764,0
DA:770,0
DA:772,0
DA:775,0
DA:777,0
DA:778,0
DA:779,0
DA:784,0
DA:785,0
DA:795,0
DA:797,0
DA:798,0
DA:799,0
DA:800,0
DA:801,0
DA:802,0
DA:803,0
DA:804,0
DA:805,0
DA:807,0
DA:808,0
DA:809,0
DA:811,0
DA:813,0
DA:814,0
DA:816,0
DA:819,0
DA:825,0
DA:826,0
DA:829,0
DA:832,0
DA:833,0
DA:834,0
DA:837,0
DA:839,0
DA:840,0
DA:843,0
DA:844,0
DA:845,0
DA:848,0
DA:850,0
DA:851,0
DA:853,0
DA:856,0
DA:858,0
DA:859,0
DA:862,0
DA:864,0
DA:865,0
DA:867,0
DA:870,0
DA:871,0
DA:874,0
DA:877,0
DA:879,0
DA:880,0
DA:882,0
DA:885,0
DA:886,0
DA:889,0
DA:892,0
DA:895,0
DA:896,0
DA:898,0
DA:903,0
DA:905,0
DA:906,0
DA:907,0
DA:912,0
DA:913,0
DA:914,0
DA:919,0
DA:920,0
DA:923,0
DA:946,0
DA:948,0
DA:949,0
DA:950,0
DA:951,0
DA:952,0
DA:953,0
DA:954,0
DA:956,0
DA:959,0
DA:961,0
DA:962,0
DA:964,0
DA:967,0
DA:969,0
DA:970,0
DA:971,0
DA:972,0
DA:975,0
DA:976,0
DA:979,0
DA:982,0
DA:985,0
DA:987,0
DA:989,0
DA:990,0
DA:992,0
DA:996,0
DA:1001,0
DA:1004,0
DA:1005,0
DA:1008,0
DA:1010,0
DA:1011,0
DA:1014,0
DA:1015,0
DA:1018,0
DA:1020,0
DA:1022,0
DA:1023,0
DA:1026,0
DA:1028,0
DA:1029,0
DA:1030,0
DA:1034,0
DA:1035,0
DA:1036,0
DA:1038,0
DA:1041,0
DA:1043,0
DA:1044,0
DA:1045,0
DA:1047,0
DA:1051,0
DA:1054,0
DA:1056,0
DA:1057,0
DA:1058,0
DA:1059,0
DA:1061,0
DA:1062,0
DA:1065,0
DA:1068,0
DA:1070,0
DA:1071,0
DA:1073,0
DA:1075,0
DA:1076,0
DA:1079,0
DA:1081,0
DA:1082,0
DA:1085,0
DA:1086,0
DA:1089,0
DA:1090,0
DA:1092,0
DA:1093,0
DA:1099,0
DA:1101,0
DA:1102,0
DA:1111,0
DA:1113,0
DA:1114,0
DA:1117,0
DA:1118,0
DA:1119,0
DA:1122,0
DA:1123,0
LF:457
LH:0
end_of_record
TN:
SF:/home/opo/nginx/src/core/ngx_hash.c
FN:13,49,ngx_hash_find
FN:147,207,ngx_hash_find_wc_tail
FN:211,245,ngx_hash_find_combined
FN:252,486,ngx_hash_init
FN:490,631,ngx_hash_wildcard_init
FN:53,143,ngx_hash_find_wc_head
FN:635,646,ngx_hash_key
FN:650,661,ngx_hash_key_lc
FN:665,679,ngx_hash_strlow
FN:683,734,ngx_hash_keys_array_init
FN:738,1013,ngx_hash_add_key
FNDA:0,ngx_hash_find
FNDA:0,ngx_hash_find_wc_tail
FNDA:0,ngx_hash_find_combined
FNDA:0,ngx_hash_init
FNDA:0,ngx_hash_wildcard_init
FNDA:0,ngx_hash_find_wc_head
FNDA:0,ngx_hash_key
FNDA:0,ngx_hash_key_lc
FNDA:0,ngx_hash_strlow
FNDA:0,ngx_hash_keys_array_init
FNDA:0,ngx_hash_add_key
FNF:11
FNH:0
DA:13,0
DA:14,0
DA:15,0
DA:16,0
DA:22,0
DA:24,0
DA:28,0
DA:29,0
DA:30,0
DA:33,0
DA:34,0
DA:35,0
DA:41,0
DA:43,0
DA:45,0
DA:53,0
DA:55,0
DA:56,0
DA:62,0
DA:64,0
DA:65,0
DA:74,0
DA:75,0
DA:82,0
DA:88,0
DA:101,0
DA:103,0
DA:107,0
DA:111,0
DA:112,0
DA:113,0
DA:116,0
DA:118,0
DA:120,0
DA:124,0
DA:127,0
DA:129,0
DA:136,0
DA:142,0
DA:147,0
DA:149,0
DA:150,0
DA:156,0
DA:158,0
DA:159,0
DA:163,0
DA:166,0
DA:174,0
DA:180,0
DA:188,0
DA:190,0
DA:192,0
DA:194,0
DA:196,0
DA:200,0
DA:206,0
DA:211,0
DA:214,0
DA:216,0
DA:217,0
DA:219,0
DA:224,0
DA:228,0
DA:229,0
DA:231,0
DA:236,0
DA:237,0
DA:239,0
DA:252,0
DA:253,0
DA:254,0
DA:255,0
DA:256,0
DA:257,0
DA:258,0
DA:260,0
DA:261,0
DA:265,0
DA:268,0
DA:269,0
DA:273,0
DA:276,0
DA:277,0
DA:278,0
DA:281,0
DA:283,0
DA:287,0
DA:291,0
DA:292,0
DA:296,0
DA:298,0
DA:299,0
DA:301,0
DA:302,0
DA:305,0
DA:307,0
DA:309,0
DA:310,0
DA:311,0
DA:314,0
DA:315,0
DA:323,0
DA:324,0
DA:327,0
DA:330,0
DA:332,0
DA:334,0
DA:337,0
DA:339,0
DA:346,0
DA:348,0
DA:349,0
DA:352,0
DA:353,0
DA:354,0
DA:357,0
DA:358,0
DA:360,0
DA:361,0
DA:365,0
DA:366,0
DA:369,0
DA:374,0
DA:375,0
DA:376,0
DA:379,0
DA:381,0
DA:384,0
DA:385,0
DA:386,0
DA:387,0
DA:388,0
DA:389,0
DA:392,0
DA:396,0
DA:397,0
DA:398,0
DA:399,0
DA:403,0
DA:404,0
DA:405,0
DA:406,0
DA:409,0
DA:411,0
DA:412,0
DA:413,0
DA:416,0
DA:417,0
DA:420,0
DA:421,0
DA:424,0
DA:425,0
DA:426,0
DA:429,0
DA:430,0
DA:432,0
DA:433,0
DA:435,0
DA:437,0
DA:440,0
DA:441,0
DA:442,0
DA:445,0
DA:447,0
DA:450,0
DA:452,0
DA:453,0
DA:485,0
DA:490,0
DA:493,0
DA:494,0
DA:495,0
DA:496,0
DA:497,0
DA:498,0
DA:500,0
DA:507,0
DA:514,0
DA:521,0
DA:523,0
DA:524,0
DA:530,0
DA:531,0
DA:535,0
DA:536,0
DA:537,0
DA:538,0
DA:545,0
DA:547,0
DA:548,0
DA:551,0
DA:553,0
DA:554,0
DA:555,0
DA:559,0
DA:560,0
DA:561,0
DA:562,0
DA:570,0
DA:571,0
DA:575,0
DA:576,0
DA:577,0
DA:582,0
DA:583,0
DA:587,0
DA:588,0
DA:589,0
DA:590,0
DA:598,0
DA:600,0
DA:601,0
DA:603,0
DA:610,0
DA:612,0
DA:613,0
DA:616,0
DA:618,0
DA:619,0
DA:623,0
DA:627,0
DA:635,0
DA:637,0
DA:639,0
DA:641,0
DA:642,0
DA:645,0
DA:650,0
DA:652,0
DA:654,0
DA:656,0
DA:657,0
DA:660,0
DA:665,0
DA:667,0
DA:669,0
DA:671,0
DA:672,0
DA:673,0
DA:674,0
DA:675,0
DA:678,0
DA:683,0
DA:685,0
DA:687,0
DA:688,0
DA:689,0
DA:692,0
DA:693,0
DA:696,0
DA:702,0
DA:709,0
DA:716,0
DA:717,0
DA:721,0
DA:722,0
DA:723,0
DA:727,0
DA:728,0
DA:729,0
DA:730,0
DA:738,0
DA:741,0
DA:742,0
DA:743,0
DA:744,0
DA:745,0
DA:746,0
DA:748,0
DA:750,0
DA:759,0
DA:761,0
DA:762,0
DA:767,0
DA:771,0
DA:776,0
DA:777,0
DA:778,0
DA:781,0
DA:783,0
DA:784,0
DA:785,0
DA:788,0
DA:789,0
DA:790,0
DA:791,0
DA:795,0
DA:804,0
DA:805,0
DA:806,0
DA:808,0
DA:811,0
DA:815,0
DA:817,0
DA:818,0
DA:819,0
DA:820,0
DA:823,0
DA:829,0
DA:837,0
DA:838,0
DA:842,0
DA:844,0
DA:845,0
DA:849,0
DA:850,0
DA:851,0
DA:853,0
DA:856,0
DA:860,0
DA:862,0
DA:864,0
DA:868,0
DA:870,0
DA:871,0
DA:873,0
DA:874,0
DA:875,0
DA:878,0
DA:884,0
DA:892,0
DA:893,0
DA:897,0
DA:898,0
DA:899,0
DA:903,0
DA:907,0
DA:914,0
DA:915,0
DA:919,0
DA:920,0
DA:922,0
DA:923,0
DA:924,0
DA:925,0
DA:926,0
DA:927,0
DA:928,0
DA:931,0
DA:934,0
DA:935,0
DA:936,0
DA:939,0
DA:941,0
DA:942,0
DA:948,0
DA:950,0
DA:951,0
DA:955,0
DA:957,0
DA:958,0
DA:964,0
DA:966,0
DA:967,0
DA:969,0
DA:970,0
DA:971,0
DA:974,0
DA:980,0
DA:986,0
DA:987,0
DA:991,0
DA:992,0
DA:993,0
DA:997,0
DA:1002,0
DA:1003,0
DA:1007,0
DA:1008,0
DA:1009,0
DA:1010,0
DA:1012,0
LF:372
LH:0
end_of_record
TN:
SF:/home/opo/nginx/src/core/ngx_inet.c
FN:1121,1197,ngx_inet_resolve_host
FN:1267,1324,ngx_inet_add_addr
FN:1328,1404,ngx_cmp_sockaddr
FN:1408,1432,ngx_inet_get_port
FN:1436,1462,ngx_inet_set_port
FN:1466,1499,ngx_inet_wildcard
FN:183,262,ngx_sock_ntop
FN:20,59,ngx_inet_addr
FN:266,290,ngx_inet_ntop
FN:296,369,ngx_inet6_ntop
FN:375,471,ngx_ptocidr
FN:475,558,ngx_cidr_match
FN:562,618,ngx_parse_addr
FN:622,684,ngx_parse_addr_port
FN:65,177,ngx_inet6_addr
FN:688,705,ngx_parse_url
FN:709,783,ngx_parse_unix_domain_url
FN:787,989,ngx_parse_inet_url
FN:993,1115,ngx_parse_inet6_url
FNDA:0,ngx_inet_resolve_host
FNDA:0,ngx_inet_add_addr
FNDA:0,ngx_cmp_sockaddr
FNDA:0,ngx_inet_get_port
FNDA:0,ngx_inet_set_port
FNDA:0,ngx_inet_wildcard
FNDA:0,ngx_sock_ntop
FNDA:0,ngx_inet_addr
FNDA:0,ngx_inet_ntop
FNDA:0,ngx_inet6_ntop
FNDA:0,ngx_ptocidr
FNDA:0,ngx_cidr_match
FNDA:0,ngx_parse_addr
FNDA:0,ngx_parse_addr_port
FNDA:0,ngx_inet6_addr
FNDA:0,ngx_parse_url
FNDA:0,ngx_parse_unix_domain_url
FNDA:0,ngx_parse_inet_url
FNDA:0,ngx_parse_inet6_url
FNF:19
FNH:0
DA:20,0
DA:22,0
DA:23,0
DA:24,0
DA:26,0
DA:27,0
DA:28,0
DA:30,0
DA:31,0
DA:33,0
DA:34,0
DA:36,0
DA:40,0
DA:43,0
DA:44,0
DA:45,0
DA:46,0
DA:47,0
DA:53,0
DA:54,0
DA:55,0
DA:65,0
DA:67,0
DA:68,0
DA:69,0
DA:71,0
DA:75,0
DA:76,0
DA:77,0
DA:78,0
DA:79,0
DA:80,0
DA:82,0
DA:83,0
DA:84,0
DA:87,0
DA:88,0
DA:90,0
DA:91,0
DA:92,0
DA:93,0
DA:94,0
DA:95,0
DA:97,0
DA:98,0
DA:99,0
DA:100,0
DA:104,0
DA:105,0
DA:106,0
DA:107,0
DA:108,0
DA:112,0
DA:115,0
DA:116,0
DA:120,0
DA:121,0
DA:125,0
DA:126,0
DA:127,0
DA:128,0
DA:129,0
DA:132,0
DA:136,0
DA:137,0
DA:138,0
DA:141,0
DA:143,0
DA:144,0
DA:145,0
DA:151,0
DA:155,0
DA:156,0
DA:158,0
DA:159,0
DA:160,0
DA:161,0
DA:162,0
DA:163,0
DA:164,0
DA:166,0
DA:167,0
DA:171,0
DA:172,0
DA:183,0
DA:186,0
DA:188,0
DA:190,0
DA:192,0
DA:195,0
DA:198,0
DA:200,0
DA:202,0
DA:203,0
DA:205,0
DA:206,0
DA:207,0
DA:209,0
DA:210,0
DA:213,0
DA:217,0
DA:219,0
DA:221,0
DA:223,0
DA:224,0
DA:227,0
DA:229,0
DA:230,0
DA:231,0
DA:239,0
DA:240,0
DA:244,0
DA:245,0
DA:248,0
DA:250,0
DA:255,0
DA:266,0
DA:268,0
DA:270,0
DA:272,0
DA:274,0
DA:276,0
DA:277,0
DA:278,0
DA:282,0
DA:283,0
DA:296,0
DA:298,0
DA:299,0
DA:300,0
DA:302,0
DA:311,0
DA:313,0
DA:315,0
DA:316,0
DA:317,0
DA:320,0
DA:321,0
DA:324,0
DA:325,0
DA:329,0
DA:330,0
DA:331,0
DA:334,0
DA:335,0
DA:337,0
DA:339,0
DA:340,0
DA:341,0
DA:343,0
DA:346,0
DA:349,0
DA:351,0
DA:352,0
DA:353,0
DA:354,0
DA:357,0
DA:359,0
DA:360,0
DA:364,0
DA:365,0
DA:368,0
DA:375,0
DA:377,0
DA:378,0
DA:379,0
DA:381,0
DA:382,0
DA:385,0
DA:386,0
DA:388,0
DA:389,0
DA:391,0
DA:393,0
DA:394,0
DA:396,0
DA:397,0
DA:398,0
DA:402,0
DA:403,0
DA:405,0
DA:406,0
DA:407,0
DA:415,0
DA:417,0
DA:418,0
DA:422,0
DA:425,0
DA:426,0
DA:430,0
DA:431,0
DA:432,0
DA:434,0
DA:436,0
DA:437,0
DA:439,0
DA:441,0
DA:442,0
DA:443,0
DA:450,0
DA:451,0
DA:455,0
DA:456,0
DA:460,0
DA:463,0
DA:467,0
DA:469,0
DA:475,0
DA:476,0
DA:478,0
DA:480,0
DA:481,0
DA:482,0
DA:484,0
DA:485,0
DA:489,0
DA:491,0
DA:495,0
DA:497,0
DA:498,0
DA:502,0
DA:503,0
DA:505,0
DA:506,0
DA:508,0
DA:510,0
DA:511,0
DA:512,0
DA:513,0
DA:515,0
DA:520,0
DA:521,0
DA:522,0
DA:525,0
DA:529,0
DA:530,0
DA:531,0
DA:533,0
DA:544,0
DA:545,0
DA:546,0
DA:553,0
DA:554,0
DA:562,0
DA:564,0
DA:565,0
DA:566,0
DA:568,0
DA:569,0
DA:575,0
DA:578,0
DA:580,0
DA:585,0
DA:594,0
DA:595,0
DA:599,0
DA:600,0
DA:602,0
DA:605,0
DA:606,0
DA:607,0
DA:608,0
DA:611,0
DA:612,0
DA:613,0
DA:614,0
DA:622,0
DA:625,0
DA:626,0
DA:627,0
DA:629,0
DA:631,0
DA:635,0
DA:638,0
DA:640,0
DA:642,0
DA:643,0
DA:646,0
DA:650,0
DA:651,0
DA:657,0
DA:659,0
DA:664,0
DA:665,0
DA:667,0
DA:669,0
DA:673,0
DA:675,0
DA:677,0
DA:681,0
DA:683,0
DA:688,0
DA:690,0
DA:691,0
DA:693,0
DA:694,0
DA:696,0
DA:697,0
DA:700,0
DA:701,0
DA:704,0
DA:709,0
DA:712,0
DA:713,0
DA:714,0
DA:716,0
DA:717,0
DA:719,0
DA:720,0
DA:722,0
DA:724,0
DA:725,0
DA:727,0
DA:728,0
DA:729,0
DA:730,0
DA:731,0
DA:735,0
DA:736,0
DA:737,0
DA:740,0
DA:741,0
DA:743,0
DA:744,0
DA:745,0
DA:748,0
DA:749,0
DA:750,0
DA:751,0
DA:753,0
DA:754,0
DA:758,0
DA:759,0
DA:763,0
DA:764,0
DA:766,0
DA:767,0
DA:769,0
DA:770,0
DA:771,0
DA:772,0
DA:774,0
DA:787,0
DA:789,0
DA:790,0
DA:791,0
DA:792,0
DA:794,0
DA:795,0
DA:796,0
DA:798,0
DA:800,0
DA:802,0
DA:804,0
DA:806,0
DA:808,0
DA:810,0
DA:811,0
DA:816,0
DA:817,0
DA:818,0
DA:819,0
DA:822,0
DA:823,0
DA:825,0
DA:827,0
DA:832,0
DA:833,0
DA:835,0
DA:837,0
DA:838,0
DA:840,0
DA:841,0
DA:843,0
DA:845,0
DA:846,0
DA:847,0
DA:850,0
DA:852,0
DA:856,0
DA:858,0
DA:859,0
DA:860,0
DA:863,0
DA:864,0
DA:865,0
DA:868,0
DA:869,0
DA:871,0
DA:872,0
DA:874,0
DA:877,0
DA:879,0
DA:883,0
DA:885,0
DA:887,0
DA:888,0
DA:890,0
DA:892,0
DA:893,0
DA:896,0
DA:897,0
DA:900,0
DA:903,0
DA:906,0
DA:908,0
DA:910,0
DA:914,0
DA:915,0
DA:916,0
DA:919,0
DA:920,0
DA:921,0
DA:924,0
DA:925,0
DA:926,0
DA:928,0
DA:929,0
DA:931,0
DA:933,0
DA:939,0
DA:941,0
DA:942,0
DA:943,0
DA:944,0
DA:945,0
DA:948,0
DA:950,0
DA:951,0
DA:952,0
DA:955,0
DA:956,0
DA:958,0
DA:959,0
DA:960,0
DA:961,0
DA:964,0
DA:966,0
DA:968,0
DA:969,0
DA:972,0
DA:975,0
DA:979,0
DA:983,0
DA:984,0
DA:985,0
DA:986,0
DA:988,0
DA:993,0
DA:996,0
DA:997,0
DA:998,0
DA:999,0
DA:1001,0
DA:1002,0
DA:1003,0
DA:1005,0
DA:1007,0
DA:1009,0
DA:1011,0
DA:1012,0
DA:1013,0
DA:1016,0
DA:1018,0
DA:1020,0
DA:1021,0
DA:1022,0
DA:1023,0
DA:1026,0
DA:1027,0
DA:1029,0
DA:1032,0
DA:1033,0
DA:1034,0
DA:1035,0
DA:1038,0
DA:1040,0
DA:1042,0
DA:1043,0
DA:1045,0
DA:1046,0
DA:1048,0
DA:1050,0
DA:1051,0
DA:1052,0
DA:1055,0
DA:1057,0
DA:1061,0
DA:1063,0
DA:1064,0
DA:1065,0
DA:1068,0
DA:1069,0
DA:1070,0
DA:1073,0
DA:1074,0
DA:1076,0
DA:1077,0
DA:1080,0
DA:1081,0
DA:1082,0
DA:1085,0
DA:1087,0
DA:1088,0
DA:1089,0
DA:1092,0
DA:1093,0
DA:1095,0
DA:1096,0
DA:1097,0
DA:1100,0
DA:1101,0
DA:1104,0
DA:1106,0
DA:1121,0
DA:1123,0
DA:1124,0
DA:1125,0
DA:1127,0
DA:1128,0
DA:1132,0
DA:1134,0
DA:1135,0
DA:1136,0
DA:1138,0
DA:1141,0
DA:1142,0
DA:1143,0
DA:1144,0
DA:1147,0
DA:1149,0
DA:1151,0
DA:1155,0
DA:1157,0
DA:1158,0
DA:1161,0
DA:1164,0
DA:1165,0
DA:1166,0
DA:1171,0
DA:1173,0
DA:1177,0
DA:1179,0
DA:1180,0
DA:1183,0
DA:1186,0
DA:1190,0
DA:1191,0
DA:1193,0
DA:1195,0
DA:1196,0
DA:1267,0
DA:1270,0
DA:1271,0
DA:1272,0
DA:1273,0
DA:1274,0
DA:1276,0
DA:1278,0
DA:1279,0
DA:1280,0
DA:1285,0
DA:1286,0
DA:1287,0
DA:1291,0
DA:1293,0
DA:1295,0
DA:1303,0
DA:1304,0
DA:1307,0
DA:1308,0
DA:1312,0
DA:1314,0
DA:1316,0
DA:1317,0
DA:1319,0
DA:1320,0
DA:1328,0
DA:1331,0
DA:1333,0
DA:1336,0
DA:1337,0
DA:1340,0
DA:1344,0
DA:1347,0
DA:1349,0
DA:1350,0
DA:1352,0
DA:1356,0
DA:1357,0
DA:1364,0
DA:1366,0
DA:1367,0
DA:1369,0
DA:1370,0
DA:1373,0
DA:1376,0
DA:1380,0
DA:1381,0
DA:1387,0
DA:1389,0
DA:1390,0
DA:1392,0
DA:1396,0
DA:1397,0
DA:1408,0
DA:1410,0
DA:1412,0
DA:1415,0
DA:1418,0
DA:1419,0
DA:1420,0
DA:1428,0
DA:1429,0
DA:1430,0
DA:1436,0
DA:1438,0
DA:1440,0
DA:1443,0
DA:1446,0
DA:1447,0
DA:1448,0
DA:1449,0
DA:1457,0
DA:1458,0
DA:1459,0
DA:1460,0
DA:1462,0
DA:1466,0
DA:1468,0
DA:1470,0
DA:1473,0
DA:1475,0
DA:1476,0
DA:1478,0
DA:1479,0
DA:1486,0
DA:1487,0
DA:1489,0
DA:1490,0
LF:640
LH:0
end_of_record
TN:
SF:/home/opo/nginx/src/core/ngx_list.c
FN:13,27,ngx_list_create
FN:31,63,ngx_list_push
FNDA:0,ngx_list_create
FNDA:0,ngx_list_push
FNF:2
FNH:0
DA:13,0
DA:15,0
DA:17,0
DA:18,0
DA:22,0
DA:23,0
DA:31,0
DA:33,0
DA:34,0
DA:36,0
DA:38,0
DA:42,0
DA:43,0
DA:47,0
DA:48,0
DA:52,0
DA:53,0
DA:55,0
DA:56,0
DA:59,0
DA:60,0
DA:62,0
LF:22
LH:0
end_of_record
TN:
SF:/home/opo/nginx/src/core/ngx_list.h
FN:37,52,ngx_list_init
FNDA:0,ngx_list_init
FNF:1
FNH:0
DA:37,0
DA:39,0
DA:40,0
DA:44,0
DA:45,0
DA:46,0
DA:47,0
DA:48,0
DA:49,0
DA:51,0
LF:10
LH:0
end_of_record
TN:
SF:/home/opo/nginx/src/core/ngx_log.c
FN:243,255,ngx_log_abort
FN:259,284,ngx_log_stderr
FN:288,314,ngx_log_errno
FN:318,398,ngx_log_init
FN:402,435,ngx_log_open_default
FN:439,460,ngx_log_redirect_stderr
FN:464,475,ngx_log_get_file_log
FN:479,538,ngx_log_set_levels
FN:542,549,ngx_error_log
FN:553,673,ngx_log_set_log
FN:677,707,ngx_log_insert
FN:96,210,ngx_log_error_core
FNDA:0,ngx_log_abort
FNDA:0,ngx_log_stderr
FNDA:0,ngx_log_errno
FNDA:0,ngx_log_init
FNDA:0,ngx_log_open_default
FNDA:0,ngx_log_redirect_stderr
FNDA:0,ngx_log_get_file_log
FNDA:0,ngx_log_set_levels
FNDA:0,ngx_error_log
FNDA:0,ngx_log_set_log
FNDA:0,ngx_log_insert
FNDA:0,ngx_log_error_core
FNF:12
FNH:0
DA:96,0
DA:108,0
DA:110,0
DA:111,0
DA:112,0
DA:113,0
DA:115,0
DA:117,0
DA:120,0
DA:123,0
DA:126,0
DA:127,0
DA:130,0
DA:134,0
DA:135,0
DA:136,0
DA:144,0
DA:145,0
DA:148,0
DA:149,0
DA:152,0
DA:156,0
DA:158,0
DA:159,0
DA:161,0
DA:163,0
DA:167,0
DA:168,0
DA:169,0
DA:172,0
DA:180,0
DA:183,0
DA:185,0
DA:186,0
DA:189,0
DA:190,0
DA:193,0
DA:195,0
DA:198,0
DA:199,0
DA:200,0
DA:202,0
DA:205,0
DA:207,0
DA:209,0
DA:243,0
DA:245,0
DA:246,0
DA:247,0
DA:249,0
DA:250,0
DA:251,0
DA:253,0
DA:255,0
DA:259,0
DA:261,0
DA:262,0
DA:263,0
DA:265,0
DA:267,0
DA:269,0
DA:270,0
DA:271,0
DA:273,0
DA:274,0
DA:277,0
DA:281,0
DA:283,0
DA:284,0
DA:288,0
DA:290,0
DA:294,0
DA:295,0
DA:296,0
DA:297,0
DA:304,0
DA:307,0
DA:309,0
DA:310,0
DA:313,0
DA:318,0
DA:320,0
DA:321,0
DA:323,0
DA:324,0
DA:326,0
DA:327,0
DA:330,0
DA:331,0
DA:333,0
DA:334,0
DA:335,0
DA:338,0
DA:343,0
DA:346,0
DA:347,0
DA:358,0
DA:359,0
DA:360,0
DA:364,0
DA:366,0
DA:367,0
DA:370,0
DA:372,0
DA:376,0
DA:380,0
DA:381,0
DA:390,0
DA:393,0
DA:394,0
DA:402,0
DA:404,0
DA:406,0
DA:410,0
DA:413,0
DA:414,0
DA:423,0
DA:425,0
DA:426,0
DA:430,0
DA:431,0
DA:439,0
DA:441,0
DA:443,0
DA:448,0
DA:450,0
DA:451,0
DA:452,0
DA:455,0
DA:464,0
DA:466,0
DA:468,0
DA:469,0
DA:479,0
DA:481,0
DA:482,0
DA:484,0
DA:485,0
DA:486,0
DA:489,0
DA:491,0
DA:492,0
DA:494,0
DA:495,0
DA:497,0
DA:498,0
DA:501,0
DA:504,0
DA:505,0
DA:506,0
DA:510,0
DA:511,0
DA:512,0
DA:513,0
DA:516,0
DA:519,0
DA:520,0
DA:521,0
DA:526,0
DA:527,0
DA:528,0
DA:529,0
DA:533,0
DA:534,0
DA:542,0
DA:544,0
DA:546,0
DA:548,0
DA:553,0
DA:555,0
DA:556,0
DA:557,0
DA:559,0
DA:564,0
DA:565,0
DA:569,0
DA:570,0
DA:574,0
DA:576,0
DA:577,0
DA:578,0
DA:580,0
DA:581,0
DA:585,0
DA:639,0
DA:641,0
DA:644,0
DA:645,0
DA:646,0
DA:650,0
DA:654,0
DA:655,0
DA:658,0
DA:659,0
DA:664,0
DA:668,0
DA:669,0
DA:677,0
DA:679,0
DA:681,0
DA:688,0
DA:689,0
DA:690,0
DA:692,0
DA:693,0
DA:696,0
DA:697,0
DA:698,0
DA:699,0
DA:700,0
DA:706,0
LF:211
LH:0
end_of_record
TN:
SF:/home/opo/nginx/src/core/ngx_log.h
FN:251,254,ngx_write_stderr
FN:258,261,ngx_write_stdout
FNDA:1,ngx_write_stderr
FNDA:0,ngx_write_stdout
FNF:2
FNH:1
DA:251,1
DA:253,1
DA:254,1
DA:258,0
DA:260,0
DA:261,0
LF:6
LH:3
end_of_record
TN:
SF:/home/opo/nginx/src/core/ngx_md5.c
FN:170,283,ngx_md5_body
FN:19,27,ngx_md5_init
FN:31,58,ngx_md5_update
FN:62,111,ngx_md5_final
FNDA:0,ngx_md5_body
FNDA:0,ngx_md5_init
FNDA:0,ngx_md5_update
FNDA:0,ngx_md5_final
FNF:4
FNH:0
DA:19,0
DA:21,0
DA:22,0
DA:23,0
DA:24,0
DA:26,0
DA:27,0
DA:31,0
DA:33,0
DA:35,0
DA:36,0
DA:38,0
DA:39,0
DA:41,0
DA:42,0
DA:43,0
DA:46,0
DA:47,0
DA:48,0
DA:49,0
DA:52,0
DA:53,0
DA:54,0
DA:57,0
DA:62,0
DA:64,0
DA:66,0
DA:68,0
DA:70,0
DA:72,0
DA:73,0
DA:74,0
DA:75,0
DA:76,0
DA:79,0
DA:81,0
DA:82,0
DA:83,0
DA:84,0
DA:85,0
DA:86,0
DA:87,0
DA:88,0
DA:89,0
DA:91,0
DA:93,0
DA:94,0
DA:95,0
DA:96,0
DA:97,0
DA:98,0
DA:99,0
DA:100,0
DA:101,0
DA:102,0
DA:103,0
DA:104,0
DA:105,0
DA:106,0
DA:107,0
DA:108,0
DA:110,0
DA:111,0
DA:170,0
DA:172,0
DA:173,0
DA:174,0
DA:179,0
DA:181,0
DA:182,0
DA:183,0
DA:184,0
DA:186,0
DA:187,0
DA:188,0
DA:189,0
DA:190,0
DA:194,0
DA:195,0
DA:196,0
DA:197,0
DA:198,0
DA:199,0
DA:200,0
DA:201,0
DA:202,0
DA:203,0
DA:204,0
DA:205,0
DA:206,0
DA:207,0
DA:208,0
DA:209,0
DA:213,0
DA:214,0
DA:215,0
DA:216,0
DA:217,0
DA:218,0
DA:219,0
DA:220,0
DA:221,0
DA:222,0
DA:223,0
DA:224,0
DA:225,0
DA:226,0
DA:227,0
DA:228,0
DA:232,0
DA:233,0
DA:234,0
DA:235,0
DA:236,0
DA:237,0
DA:238,0
DA:239,0
DA:240,0
DA:241,0
DA:242,0
DA:243,0
DA:244,0
DA:245,0
DA:246,0
DA:247,0
DA:251,0
DA:252,0
DA:253,0
DA:254,0
DA:255,0
DA:256,0
DA:257,0
DA:258,0
DA:259,0
DA:260,0
DA:261,0
DA:262,0
DA:263,0
DA:264,0
DA:265,0
DA:266,0
DA:268,0
DA:269,0
DA:270,0
DA:271,0
DA:273,0
DA:275,0
DA:277,0
DA:278,0
DA:279,0
DA:280,0
DA:282,0
LF:152
LH:0
end_of_record
TN:
SF:/home/opo/nginx/src/core/ngx_module.c
FN:157,276,ngx_add_module
FN:26,39,ngx_preinit_modules
FN:280,315,ngx_module_index
FN:319,360,ngx_module_ctx_index
FN:43,62,ngx_cycle_modules
FN:66,79,ngx_init_modules
FN:83,153,ngx_count_modules
FNDA:0,ngx_add_module
FNDA:0,ngx_preinit_modules
FNDA:0,ngx_module_index
FNDA:0,ngx_module_ctx_index
FNDA:0,ngx_cycle_modules
FNDA:0,ngx_init_modules
FNDA:0,ngx_count_modules
FNF:7
FNH:0
DA:26,0
DA:28,0
DA:30,0
DA:31,0
DA:32,0
DA:35,0
DA:36,0
DA:38,0
DA:43,0
DA:50,0
DA:52,0
DA:56,0
DA:59,0
DA:61,0
DA:66,0
DA:68,0
DA:70,0
DA:71,0
DA:72,0
DA:83,0
DA:85,0
DA:86,0
DA:88,0
DA:89,0
DA:93,0
DA:94,0
DA:96,0
DA:97,0
DA:100,0
DA:104,0
DA:108,0
DA:109,0
DA:112,0
DA:117,0
DA:119,0
DA:123,0
DA:133,0
DA:135,0
DA:136,0
DA:138,0
DA:139,0
DA:142,0
DA:150,0
DA:152,0
DA:157,0
DA:160,0
DA:161,0
DA:162,0
DA:164,0
DA:165,0
DA:167,0
DA:170,0
DA:171,0
DA:174,0
DA:177,0
DA:178,0
DA:181,0
DA:184,0
DA:185,0
DA:186,0
DA:189,0
DA:197,0
DA:198,0
DA:200,0
DA:201,0
DA:203,0
DA:211,0
DA:213,0
DA:214,0
DA:215,0
DA:216,0
DA:217,0
DA:221,0
DA:229,0
DA:230,0
DA:245,0
DA:246,0
DA:251,0
DA:252,0
DA:254,0
DA:263,0
DA:265,0
DA:266,0
DA:267,0
DA:271,0
DA:280,0
DA:282,0
DA:283,0
DA:285,0
DA:287,0
DA:291,0
DA:292,0
DA:294,0
DA:295,0
DA:296,0
DA:302,0
DA:304,0
DA:305,0
DA:307,0
DA:308,0
DA:309,0
DA:314,0
DA:319,0
DA:321,0
DA:322,0
DA:324,0
DA:328,0
DA:329,0
DA:331,0
DA:332,0
DA:335,0
DA:336,0
DA:337,0
DA:343,0
DA:345,0
DA:346,0
DA:348,0
DA:349,0
DA:352,0
DA:353,0
DA:354,0
DA:359,0
LF:122
LH:0
end_of_record
TN:
SF:/home/opo/nginx/src/core/ngx_murmurhash.c
FN:12,52,ngx_murmur_hash2
FNDA:0,ngx_murmur_hash2
FNF:1
FNH:0
DA:12,0
DA:14,0
DA:16,0
DA:18,0
DA:19,0
DA:20,0
DA:21,0
DA:22,0
DA:24,0
DA:25,0
DA:26,0
DA:28,0
DA:29,0
DA:31,0
DA:32,0
DA:35,0
DA:36,0
DA:37,0
DA:39,0
DA:40,0
DA:42,0
DA:43,0
DA:44,0
DA:47,0
DA:48,0
DA:49,0
DA:51,0
LF:27
LH:0
end_of_record
TN:
SF:/home/opo/nginx/src/core/ngx_open_file_cache.c
FN:1018,1028,ngx_open_file_cleanup
FN:1032,1074,ngx_close_cached_file
FN:1078,1091,ngx_open_file_del_event
FN:1095,1142,ngx_expire_old_cached_files
FN:1146,1183,ngx_open_file_cache_rbtree_insert_value
FN:1187,1223,ngx_open_file_lookup
FN:1227,1253,ngx_open_file_cache_remove
FN:144,486,ngx_open_cached_file
FN:492,553,ngx_openat_file_owner
FN:559,606,ngx_file_o_path_info
FN:57,85,ngx_open_file_cache_init
FN:614,777,ngx_open_file_wrapper
FN:781,836,ngx_file_info_wrapper
FN:840,945,ngx_open_and_stat_file
FN:89,140,ngx_open_file_cache_cleanup
FN:954,1014,ngx_open_file_add_event
FNDA:0,ngx_open_file_cleanup
FNDA:0,ngx_close_cached_file
FNDA:0,ngx_open_file_del_event
FNDA:0,ngx_expire_old_cached_files
FNDA:0,ngx_open_file_cache_rbtree_insert_value
FNDA:0,ngx_open_file_lookup
FNDA:0,ngx_open_file_cache_remove
FNDA:0,ngx_open_cached_file
FNDA:0,ngx_openat_file_owner
FNDA:0,ngx_file_o_path_info
FNDA:0,ngx_open_file_cache_init
FNDA:0,ngx_open_file_wrapper
FNDA:0,ngx_file_info_wrapper
FNDA:0,ngx_open_and_stat_file
FNDA:0,ngx_open_file_cache_cleanup
FNDA:0,ngx_open_file_add_event
FNF:16
FNH:0
DA:57,0
DA:59,0
DA:60,0
DA:62,0
DA:63,0
DA:67,0
DA:70,0
DA:72,0
DA:73,0
DA:74,0
DA:76,0
DA:77,0
DA:81,0
DA:82,0
DA:84,0
DA:89,0
DA:91,0
DA:93,0
DA:94,0
DA:97,0
DA:99,0
DA:101,0
DA:105,0
DA:107,0
DA:109,0
DA:111,0
DA:113,0
DA:116,0
DA:118,0
DA:119,0
DA:120,0
DA:121,0
DA:124,0
DA:125,0
DA:129,0
DA:130,0
DA:135,0
DA:136,0
DA:140,0
DA:144,0
DA:147,0
DA:148,0
DA:149,0
DA:150,0
DA:151,0
DA:152,0
DA:153,0
DA:154,0
DA:156,0
DA:157,0
DA:159,0
DA:161,0
DA:163,0
DA:169,0
DA:170,0
DA:171,0
DA:172,0
DA:173,0
DA:174,0
DA:175,0
DA:176,0
DA:178,0
DA:181,0
DA:182,0
DA:186,0
DA:188,0
DA:189,0
DA:190,0
DA:192,0
DA:193,0
DA:194,0
DA:197,0
DA:200,0
DA:201,0
DA:205,0
DA:207,0
DA:209,0
DA:211,0
DA:213,0
DA:215,0
DA:217,0
DA:221,0
DA:223,0
DA:224,0
DA:227,0
DA:230,0
DA:231,0
DA:232,0
DA:233,0
DA:235,0
DA:236,0
DA:240,0
DA:242,0
DA:243,0
DA:244,0
DA:245,0
DA:247,0
DA:248,0
DA:249,0
DA:250,0
DA:251,0
DA:253,0
DA:254,0
DA:255,0
DA:259,0
DA:261,0
DA:262,0
DA:268,0
DA:273,0
DA:275,0
DA:283,0
DA:286,0
DA:287,0
DA:289,0
DA:291,0
DA:292,0
DA:295,0
DA:297,0
DA:298,0
DA:303,0
DA:305,0
DA:306,0
DA:309,0
DA:311,0
DA:312,0
DA:315,0
DA:317,0
DA:324,0
DA:325,0
DA:331,0
DA:333,0
DA:335,0
DA:336,0
DA:340,0
DA:343,0
DA:345,0
DA:347,0
DA:349,0
DA:354,0
DA:356,0
DA:357,0
DA:360,0
DA:362,0
DA:363,0
DA:366,0
DA:368,0
DA:369,0
DA:372,0
DA:374,0
DA:375,0
DA:376,0
DA:377,0
DA:380,0
DA:382,0
DA:384,0
DA:386,0
DA:388,0
DA:389,0
DA:390,0
DA:391,0
DA:393,0
DA:395,0
DA:397,0
DA:399,0
DA:400,0
DA:402,0
DA:403,0
DA:406,0
DA:407,0
DA:408,0
DA:409,0
DA:411,0
DA:413,0
DA:414,0
DA:415,0
DA:416,0
DA:417,0
DA:419,0
DA:420,0
DA:424,0
DA:426,0
DA:428,0
DA:430,0
DA:434,0
DA:436,0
DA:438,0
DA:439,0
DA:440,0
DA:442,0
DA:443,0
DA:444,0
DA:445,0
DA:448,0
DA:453,0
DA:455,0
DA:456,0
DA:458,0
DA:460,0
DA:462,0
DA:463,0
DA:464,0
DA:470,0
DA:471,0
DA:474,0
DA:478,0
DA:479,0
DA:480,0
DA:492,0
DA:495,0
DA:496,0
DA:497,0
DA:511,0
DA:513,0
DA:517,0
DA:520,0
DA:521,0
DA:525,0
DA:526,0
DA:527,0
DA:536,0
DA:537,0
DA:538,0
DA:543,0
DA:545,0
DA:546,0
DA:550,0
DA:552,0
DA:559,0
DA:561,0
DA:585,0
DA:586,0
DA:590,0
DA:594,0
DA:598,0
DA:601,0
DA:602,0
DA:614,0
DA:617,0
DA:633,0
DA:634,0
DA:635,0
DA:637,0
DA:638,0
DA:640,0
DA:641,0
DA:642,0
DA:643,0
DA:649,0
DA:650,0
DA:652,0
DA:654,0
DA:656,0
DA:658,0
DA:660,0
DA:663,0
DA:665,0
DA:666,0
DA:667,0
DA:668,0
DA:671,0
DA:672,0
DA:674,0
DA:676,0
DA:680,0
DA:681,0
DA:682,0
DA:683,0
DA:686,0
DA:687,0
DA:693,0
DA:694,0
DA:695,0
DA:699,0
DA:700,0
DA:701,0
DA:704,0
DA:706,0
DA:707,0
DA:712,0
DA:717,0
DA:719,0
DA:720,0
DA:721,0
DA:722,0
DA:725,0
DA:726,0
DA:730,0
DA:731,0
DA:732,0
DA:735,0
DA:748,0
DA:749,0
DA:752,0
DA:753,0
DA:755,0
DA:758,0
DA:761,0
DA:763,0
DA:764,0
DA:765,0
DA:768,0
DA:770,0
DA:771,0
DA:781,0
DA:784,0
DA:800,0
DA:802,0
DA:804,0
DA:806,0
DA:807,0
DA:808,0
DA:809,0
DA:815,0
DA:818,0
DA:822,0
DA:824,0
DA:825,0
DA:826,0
DA:829,0
DA:830,0
DA:840,0
DA:843,0
DA:844,0
DA:846,0
DA:848,0
DA:849,0
DA:850,0
DA:853,0
DA:854,0
DA:857,0
DA:859,0
DA:860,0
DA:861,0
DA:864,0
DA:865,0
DA:869,0
DA:876,0
DA:880,0
DA:885,0
DA:886,0
DA:887,0
DA:890,0
DA:891,0
DA:894,0
DA:895,0
DA:899,0
DA:901,0
DA:904,0
DA:905,0
DA:906,0
DA:910,0
DA:913,0
DA:915,0
DA:916,0
DA:917,0
DA:922,0
DA:923,0
DA:924,0
DA:928,0
DA:933,0
DA:935,0
DA:936,0
DA:937,0
DA:938,0
DA:939,0
DA:940,0
DA:941,0
DA:942,0
DA:944,0
DA:954,0
DA:957,0
DA:959,0
DA:960,0
DA:961,0
DA:962,0
DA:963,0
DA:968,0
DA:970,0
DA:971,0
DA:975,0
DA:976,0
DA:977,0
DA:978,0
DA:979,0
DA:982,0
DA:983,0
DA:984,0
DA:986,0
DA:987,0
DA:995,0
DA:997,0
DA:1000,0
DA:1001,0
DA:1002,0
DA:1003,0
DA:1018,0
DA:1020,0
DA:1022,0
DA:1024,0
DA:1027,0
DA:1028,0
DA:1032,0
DA:1037,0
DA:1039,0
DA:1041,0
DA:1043,0
DA:1045,0
DA:1047,0
DA:1052,0
DA:1054,0
DA:1058,0
DA:1060,0
DA:1061,0
DA:1065,0
DA:1068,0
DA:1072,0
DA:1073,0
DA:1078,0
DA:1080,0
DA:1084,0
DA:1085,0
DA:1087,0
DA:1088,0
DA:1089,0
DA:1090,0
DA:1095,0
DA:1098,0
DA:1099,0
DA:1100,0
DA:1102,0
DA:1110,0
DA:1112,0
DA:1116,0
DA:1118,0
DA:1120,0
DA:1124,0
DA:1126,0
DA:1128,0
DA:1131,0
DA:1133,0
DA:1134,0
DA:1135,0
DA:1138,0
DA:1139,0
DA:1146,0
DA:1149,0
DA:1150,0
DA:1152,0
DA:1154,0
DA:1156,0
DA:1158,0
DA:1160,0
DA:1164,0
DA:1165,0
DA:1167,0
DA:1168,0
DA:1171,0
DA:1178,0
DA:1179,0
DA:1180,0
DA:1181,0
DA:1182,0
DA:1183,0
DA:1187,0
DA:1190,0
DA:1191,0
DA:1192,0
DA:1194,0
DA:1195,0
DA:1197,0
DA:1199,0
DA:1200,0
DA:1201,0
DA:1204,0
DA:1205,0
DA:1206,0
DA:1211,0
DA:1213,0
DA:1215,0
DA:1219,0
DA:1227,0
DA:1229,0
DA:1230,0
DA:1232,0
DA:1233,0
DA:1235,0
DA:1237,0
DA:1239,0
DA:1242,0
DA:1243,0
DA:1245,0
DA:1247,0
DA:1251,0
DA:1252,0
DA:1253,0
LF:495
LH:0
end_of_record
TN:
SF:/home/opo/nginx/src/core/ngx_output_chain.c
FN:250,306,ngx_output_chain_as_is
FN:310,375,ngx_output_chain_add_copy
FN:379,425,ngx_output_chain_align_file_buf
FN:42,246,ngx_output_chain
FN:429,501,ngx_output_chain_get_buf
FN:505,655,ngx_output_chain_copy_buf
FN:659,810,ngx_chain_writer
FNDA:0,ngx_output_chain_as_is
FNDA:0,ngx_output_chain_add_copy
FNDA:0,ngx_output_chain_align_file_buf
FNDA:0,ngx_output_chain
FNDA:0,ngx_output_chain_get_buf
FNDA:0,ngx_output_chain_copy_buf
FNDA:0,ngx_chain_writer
FNF:7
FNH:0
DA:42,0
DA:44,0
DA:45,0
DA:46,0
DA:48,0
DA:60,0
DA:61,0
DA:64,0
DA:68,0
DA:70,0
DA:76,0
DA:77,0
DA:82,0
DA:83,0
DA:84,0
DA:86,0
DA:94,0
DA:101,0
DA:103,0
DA:105,0
DA:118,0
DA:120,0
DA:121,0
DA:123,0
DA:125,0
DA:128,0
DA:130,0
DA:143,0
DA:145,0
DA:148,0
DA:152,0
DA:153,0
DA:155,0
DA:156,0
DA:157,0
DA:159,0
DA:162,0
DA:164,0
DA:166,0
DA:170,0
DA:172,0
DA:176,0
DA:177,0
DA:178,0
DA:180,0
DA:182,0
DA:186,0
DA:192,0
DA:194,0
DA:198,0
DA:199,0
DA:208,0
DA:209,0
DA:210,0
DA:212,0
DA:215,0
DA:216,0
DA:220,0
DA:221,0
DA:222,0
DA:223,0
DA:224,0
DA:227,0
DA:229,0
DA:233,0
DA:236,0
DA:238,0
DA:242,0
DA:244,0
DA:250,0
DA:252,0
DA:254,0
DA:265,0
DA:282,0
DA:288,0
DA:290,0
DA:294,0
DA:297,0
DA:301,0
DA:302,0
DA:310,0
DA:313,0
DA:318,0
DA:320,0
DA:321,0
DA:324,0
DA:326,0
DA:327,0
DA:364,0
DA:365,0
DA:369,0
DA:370,0
DA:371,0
DA:379,0
DA:381,0
DA:382,0
DA:384,0
DA:386,0
DA:390,0
DA:392,0
DA:394,0
DA:396,0
DA:400,0
DA:403,0
DA:405,0
DA:406,0
DA:410,0
DA:411,0
DA:421,0
DA:424,0
DA:429,0
DA:431,0
DA:432,0
DA:433,0
DA:435,0
DA:436,0
DA:437,0
DA:439,0
DA:441,0
DA:448,0
DA:449,0
DA:451,0
DA:452,0
DA:453,0
DA:461,0
DA:462,0
DA:466,0
DA:467,0
DA:471,0
DA:478,0
DA:479,0
DA:484,0
DA:485,0
DA:490,0
DA:491,0
DA:492,0
DA:493,0
DA:494,0
DA:495,0
DA:497,0
DA:498,0
DA:500,0
DA:505,0
DA:507,0
DA:508,0
DA:509,0
DA:510,0
DA:512,0
DA:513,0
DA:515,0
DA:516,0
DA:518,0
DA:528,0
DA:529,0
DA:530,0
DA:531,0
DA:533,0
DA:535,0
DA:536,0
DA:537,0
DA:538,0
DA:539,0
DA:542,0
DA:545,0
DA:548,0
DA:551,0
DA:552,0
DA:553,0
DA:554,0
DA:561,0
DA:562,0
DA:563,0
DA:598,0
DA:604,0
DA:605,0
DA:607,0
DA:609,0
DA:610,0
DA:615,0
DA:617,0
DA:622,0
DA:626,0
DA:627,0
DA:630,0
DA:633,0
DA:635,0
DA:636,0
DA:637,0
DA:638,0
DA:639,0
DA:642,0
DA:645,0
DA:647,0
DA:648,0
DA:649,0
DA:650,0
DA:659,0
DA:661,0
DA:663,0
DA:664,0
DA:665,0
DA:667,0
DA:669,0
DA:671,0
DA:673,0
DA:686,0
DA:688,0
DA:691,0
DA:693,0
DA:706,0
DA:708,0
DA:711,0
DA:715,0
DA:717,0
DA:718,0
DA:722,0
DA:723,0
DA:724,0
DA:725,0
DA:729,0
DA:731,0
DA:733,0
DA:735,0
DA:748,0
DA:750,0
DA:753,0
DA:755,0
DA:768,0
DA:770,0
DA:773,0
DA:776,0
DA:780,0
DA:783,0
DA:785,0
DA:789,0
DA:790,0
DA:793,0
DA:794,0
DA:795,0
DA:796,0
DA:799,0
DA:801,0
DA:802,0
DA:804,0
DA:805,0
LF:245
LH:0
end_of_record
TN:
SF:/home/opo/nginx/src/core/ngx_palloc.c
FN:100,119,ngx_reset_pool
FN:123,132,ngx_palloc
FN:136,145,ngx_pnalloc
FN:149,174,ngx_palloc_small
FN:178,210,ngx_palloc_block
FN:19,43,ngx_create_pool
FN:214,249,ngx_palloc_large
FN:253,274,ngx_pmemalign
FN:278,294,ngx_pfree
FN:298,308,ngx_pcalloc
FN:312,339,ngx_pool_cleanup_add
FN:343,360,ngx_pool_run_cleanup_file
FN:364,375,ngx_pool_cleanup_file
FN:379,401,ngx_pool_delete_file
FN:47,96,ngx_destroy_pool
FNDA:0,ngx_reset_pool
FNDA:0,ngx_palloc
FNDA:0,ngx_pnalloc
FNDA:0,ngx_palloc_small
FNDA:0,ngx_palloc_block
FNDA:0,ngx_create_pool
FNDA:0,ngx_palloc_large
FNDA:0,ngx_pmemalign
FNDA:0,ngx_pfree
FNDA:0,ngx_pcalloc
FNDA:0,ngx_pool_cleanup_add
FNDA:0,ngx_pool_run_cleanup_file
FNDA:0,ngx_pool_cleanup_file
FNDA:0,ngx_pool_delete_file
FNDA:0,ngx_destroy_pool
FNF:15
FNH:0
DA:19,0
DA:21,0
DA:23,0
DA:24,0
DA:28,0
DA:29,0
DA:30,0
DA:31,0
DA:33,0
DA:34,0
DA:36,0
DA:37,0
DA:38,0
DA:39,0
DA:40,0
DA:42,0
DA:47,0
DA:49,0
DA:50,0
DA:51,0
DA:53,0
DA:54,0
DA:56,0
DA:57,0
DA:83,0
DA:84,0
DA:85,0
DA:89,0
DA:90,0
DA:92,0
DA:96,0
DA:100,0
DA:102,0
DA:103,0
DA:105,0
DA:106,0
DA:107,0
DA:111,0
DA:112,0
DA:113,0
DA:116,0
DA:117,0
DA:118,0
DA:119,0
DA:123,0
DA:126,0
DA:127,0
DA:131,0
DA:136,0
DA:139,0
DA:140,0
DA:144,0
DA:149,0
DA:151,0
DA:152,0
DA:154,0
DA:156,0
DA:157,0
DA:159,0
DA:160,0
DA:163,0
DA:164,0
DA:166,0
DA:169,0
DA:171,0
DA:173,0
DA:178,0
DA:180,0
DA:181,0
DA:182,0
DA:184,0
DA:186,0
DA:187,0
DA:191,0
DA:193,0
DA:194,0
DA:195,0
DA:197,0
DA:198,0
DA:199,0
DA:201,0
DA:202,0
DA:203,0
DA:207,0
DA:209,0
DA:214,0
DA:216,0
DA:217,0
DA:218,0
DA:220,0
DA:221,0
DA:225,0
DA:227,0
DA:228,0
DA:229,0
DA:230,0
DA:233,0
DA:238,0
DA:239,0
DA:240,0
DA:241,0
DA:244,0
DA:245,0
DA:246,0
DA:248,0
DA:253,0
DA:255,0
DA:256,0
DA:258,0
DA:259,0
DA:263,0
DA:264,0
DA:265,0
DA:266,0
DA:269,0
DA:270,0
DA:271,0
DA:273,0
DA:278,0
DA:280,0
DA:282,0
DA:283,0
DA:285,0
DA:286,0
DA:287,0
DA:289,0
DA:298,0
DA:300,0
DA:302,0
DA:303,0
DA:304,0
DA:307,0
DA:312,0
DA:314,0
DA:316,0
DA:317,0
DA:321,0
DA:322,0
DA:323,0
DA:328,0
DA:331,0
DA:332,0
DA:334,0
DA:336,0
DA:338,0
DA:343,0
DA:345,0
DA:346,0
DA:348,0
DA:349,0
DA:351,0
DA:353,0
DA:354,0
DA:355,0
DA:356,0
DA:364,0
DA:366,0
DA:369,0
DA:371,0
DA:372,0
DA:375,0
DA:379,0
DA:381,0
DA:383,0
DA:386,0
DA:388,0
DA:389,0
DA:391,0
DA:392,0
DA:397,0
DA:398,0
DA:401,0
LF:172
LH:0
end_of_record
TN:
SF:/home/opo/nginx/src/core/ngx_parse.c
FN:112,283,ngx_parse_time
FN:13,55,ngx_parse_size
FN:59,108,ngx_parse_offset
FNDA:0,ngx_parse_time
FNDA:0,ngx_parse_size
FNDA:0,ngx_parse_offset
FNF:3
FNH:0
DA:13,0
DA:15,0
DA:16,0
DA:17,0
DA:19,0
DA:21,0
DA:25,0
DA:27,0
DA:28,0
DA:30,0
DA:31,0
DA:32,0
DA:33,0
DA:35,0
DA:37,0
DA:38,0
DA:39,0
DA:40,0
DA:47,0
DA:48,0
DA:52,0
DA:54,0
DA:59,0
DA:61,0
DA:62,0
DA:63,0
DA:65,0
DA:67,0
DA:71,0
DA:73,0
DA:74,0
DA:76,0
DA:77,0
DA:78,0
DA:79,0
DA:81,0
DA:83,0
DA:84,0
DA:85,0
DA:86,0
DA:88,0
DA:90,0
DA:91,0
DA:92,0
DA:93,0
DA:100,0
DA:101,0
DA:105,0
DA:107,0
DA:112,0
DA:114,0
DA:115,0
DA:116,0
DA:117,0
DA:118,0
DA:131,0
DA:132,0
DA:133,0
DA:134,0
DA:135,0
DA:136,0
DA:138,0
DA:139,0
DA:141,0
DA:143,0
DA:144,0
DA:148,0
DA:149,0
DA:150,0
DA:153,0
DA:155,0
DA:156,0
DA:164,0
DA:165,0
DA:173,0
DA:174,0
DA:182,0
DA:183,0
DA:191,0
DA:192,0
DA:200,0
DA:201,0
DA:202,0
DA:205,0
DA:206,0
DA:207,0
DA:208,0
DA:209,0
DA:212,0
DA:220,0
DA:221,0
DA:229,0
DA:230,0
DA:242,0
DA:243,0
DA:244,0
DA:247,0
DA:251,0
DA:253,0
DA:257,0
DA:259,0
DA:261,0
DA:262,0
DA:266,0
DA:270,0
DA:271,0
DA:275,0
DA:278,0
DA:282,0
LF:109
LH:0
end_of_record
TN:
SF:/home/opo/nginx/src/core/ngx_parse_time.c
FN:15,277,ngx_parse_http_time
FNDA:0,ngx_parse_http_time
FNF:1
FNH:0
DA:15,0
DA:17,0
DA:18,0
DA:19,0
DA:20,0
DA:21,0
DA:28,0
DA:29,0
DA:32,0
DA:33,0
DA:36,0
DA:37,0
DA:41,0
DA:47,0
DA:48,0
DA:53,0
DA:57,0
DA:58,0
DA:62,0
DA:63,0
DA:65,0
DA:66,0
DA:71,0
DA:78,0
DA:81,0
DA:83,0
DA:84,0
DA:91,0
DA:92,0
DA:95,0
DA:96,0
DA:99,0
DA:100,0
DA:101,0
DA:103,0
DA:104,0
DA:105,0
DA:107,0
DA:108,0
DA:109,0
DA:111,0
DA:112,0
DA:113,0
DA:119,0
DA:121,0
DA:125,0
DA:127,0
DA:128,0
DA:129,0
DA:130,0
DA:135,0
DA:136,0
DA:137,0
DA:139,0
DA:140,0
DA:144,0
DA:145,0
DA:146,0
DA:149,0
DA:150,0
DA:151,0
DA:154,0
DA:158,0
DA:160,0
DA:161,0
DA:165,0
DA:168,0
DA:173,0
DA:177,0
DA:181,0
DA:182,0
DA:184,0
DA:188,0
DA:192,0
DA:193,0
DA:195,0
DA:199,0
DA:203,0
DA:205,0
DA:206,0
DA:208,0
DA:212,0
DA:213,0
DA:214,0
DA:219,0
DA:220,0
DA:223,0
DA:227,0
DA:228,0
DA:232,0
DA:241,0
DA:242,0
DA:243,0
DA:248,0
DA:251,0
DA:255,0
DA:259,0
DA:266,0
DA:276,0
LF:99
LH:0
end_of_record
TN:
SF:/home/opo/nginx/src/core/ngx_proxy_protocol.c
FN:100,200,ngx_proxy_protocol_read
FN:204,243,ngx_proxy_protocol_read_addr
FN:247,276,ngx_proxy_protocol_read_port
FN:280,322,ngx_proxy_protocol_write
FN:326,483,ngx_proxy_protocol_v2_read
FN:487,569,ngx_proxy_protocol_get_tlv
FN:573,614,ngx_proxy_protocol_lookup_tlv
FNDA:0,ngx_proxy_protocol_read
FNDA:0,ngx_proxy_protocol_read_addr
FNDA:0,ngx_proxy_protocol_read_port
FNDA:0,ngx_proxy_protocol_write
FNDA:0,ngx_proxy_protocol_v2_read
FNDA:0,ngx_proxy_protocol_get_tlv
FNDA:0,ngx_proxy_protocol_lookup_tlv
FNF:7
FNH:0
DA:100,0
DA:102,0
DA:103,0
DA:104,0
DA:106,0
DA:108,0
DA:109,0
DA:111,0
DA:112,0
DA:114,0
DA:117,0
DA:118,0
DA:121,0
DA:122,0
DA:124,0
DA:126,0
DA:127,0
DA:128,0
DA:131,0
DA:132,0
DA:134,0
DA:137,0
DA:139,0
DA:140,0
DA:144,0
DA:145,0
DA:146,0
DA:149,0
DA:150,0
DA:151,0
DA:154,0
DA:155,0
DA:156,0
DA:159,0
DA:160,0
DA:161,0
DA:164,0
DA:165,0
DA:168,0
DA:169,0
DA:174,0
DA:176,0
DA:178,0
DA:180,0
DA:182,0
DA:183,0
DA:184,0
DA:188,0
DA:190,0
DA:191,0
DA:196,0
DA:204,0
DA:207,0
DA:208,0
DA:210,0
DA:212,0
DA:213,0
DA:217,0
DA:219,0
DA:223,0
DA:224,0
DA:232,0
DA:234,0
DA:235,0
DA:239,0
DA:240,0
DA:242,0
DA:247,0
DA:250,0
DA:251,0
DA:252,0
DA:254,0
DA:256,0
DA:257,0
DA:261,0
DA:266,0
DA:268,0
DA:269,0
DA:273,0
DA:275,0
DA:280,0
DA:282,0
DA:284,0
DA:285,0
DA:287,0
DA:290,0
DA:294,0
DA:297,0
DA:298,0
DA:302,0
DA:303,0
DA:307,0
DA:311,0
DA:313,0
DA:315,0
DA:318,0
DA:319,0
DA:321,0
DA:326,0
DA:328,0
DA:329,0
DA:330,0
DA:331,0
DA:332,0
DA:333,0
DA:334,0
DA:335,0
DA:337,0
DA:340,0
DA:342,0
DA:344,0
DA:346,0
DA:347,0
DA:349,0
DA:352,0
DA:354,0
DA:355,0
DA:356,0
DA:359,0
DA:361,0
DA:364,0
DA:370,0
DA:373,0
DA:380,0
DA:381,0
DA:385,0
DA:387,0
DA:389,0
DA:391,0
DA:395,0
DA:397,0
DA:398,0
DA:399,0
DA:401,0
DA:402,0
DA:403,0
DA:405,0
DA:406,0
DA:408,0
DA:410,0
DA:412,0
DA:416,0
DA:418,0
DA:422,0
DA:424,0
DA:425,0
DA:426,0
DA:428,0
DA:429,0
DA:430,0
DA:432,0
DA:433,0
DA:435,0
DA:437,0
DA:439,0
DA:450,0
DA:451,0
DA:455,0
DA:458,0
DA:459,0
DA:463,0
DA:468,0
DA:470,0
DA:471,0
DA:472,0
DA:476,0
DA:477,0
DA:480,0
DA:482,0
DA:487,0
DA:490,0
DA:491,0
DA:492,0
DA:493,0
DA:494,0
DA:495,0
DA:496,0
DA:498,0
DA:503,0
DA:505,0
DA:506,0
DA:508,0
DA:509,0
DA:511,0
DA:513,0
DA:514,0
DA:518,0
DA:522,0
DA:523,0
DA:525,0
DA:527,0
DA:528,0
DA:530,0
DA:531,0
DA:535,0
DA:536,0
DA:537,0
DA:540,0
DA:541,0
DA:543,0
DA:544,0
DA:547,0
DA:549,0
DA:550,0
DA:551,0
DA:553,0
DA:556,0
DA:559,0
DA:560,0
DA:561,0
DA:565,0
DA:573,0
DA:576,0
DA:577,0
DA:578,0
DA:581,0
DA:583,0
DA:584,0
DA:586,0
DA:587,0
DA:588,0
DA:589,0
DA:592,0
DA:593,0
DA:595,0
DA:596,0
DA:598,0
DA:599,0
DA:600,0
DA:603,0
DA:604,0
DA:605,0
DA:606,0
DA:609,0
DA:610,0
LF:235
LH:0
end_of_record
TN:
SF:/home/opo/nginx/src/core/ngx_queue.c
FN:22,49,ngx_queue_middle
FN:55,74,ngx_queue_sort
FN:78,106,ngx_queue_merge
FNDA:0,ngx_queue_middle
FNDA:0,ngx_queue_sort
FNDA:0,ngx_queue_merge
FNF:3
FNH:0
DA:22,0
DA:24,0
DA:26,0
DA:28,0
DA:34,0
DA:35,0
DA:37,0
DA:39,0
DA:43,0
DA:45,0
DA:55,0
DA:58,0
DA:60,0
DA:62,0
DA:63,0
DA:66,0
DA:68,0
DA:70,0
DA:71,0
DA:73,0
DA:78,0
DA:81,0
DA:83,0
DA:84,0
DA:86,0
DA:87,0
DA:88,0
DA:89,0
DA:92,0
DA:96,0
DA:97,0
DA:98,0
DA:101,0
DA:102,0
DA:104,0
DA:106,0
LF:36
LH:0
end_of_record
TN:
SF:/home/opo/nginx/src/core/ngx_radix_tree.c
FN:109,170,ngx_radix32tree_insert
FN:16,105,ngx_radix_tree_create
FN:174,233,ngx_radix32tree_delete
FN:237,263,ngx_radix32tree_find
FN:269,348,ngx_radix128tree_insert
FN:352,421,ngx_radix128tree_delete
FN:425,458,ngx_radix128tree_find
FN:464,488,ngx_radix_alloc
FNDA:0,ngx_radix32tree_insert
FNDA:0,ngx_radix_tree_create
FNDA:0,ngx_radix32tree_delete
FNDA:0,ngx_radix32tree_find
FNDA:0,ngx_radix128tree_insert
FNDA:0,ngx_radix128tree_delete
FNDA:0,ngx_radix128tree_find
FNDA:0,ngx_radix_alloc
FNF:8
FNH:0
DA:16,0
DA:18,0
DA:19,0
DA:21,0
DA:22,0
DA:26,0
DA:27,0
DA:28,0
DA:29,0
DA:31,0
DA:32,0
DA:36,0
DA:37,0
DA:38,0
DA:39,0
DA:41,0
DA:62,0
DA:63,0
DA:71,0
DA:72,0
DA:73,0
DA:76,0
DA:77,0
DA:84,0
DA:86,0
DA:87,0
DA:88,0
DA:90,0
DA:91,0
DA:97,0
DA:99,0
DA:101,0
DA:109,0
DA:112,0
DA:113,0
DA:115,0
DA:117,0
DA:118,0
DA:120,0
DA:121,0
DA:122,0
DA:125,0
DA:128,0
DA:132,0
DA:133,0
DA:136,0
DA:137,0
DA:141,0
DA:142,0
DA:145,0
DA:146,0
DA:147,0
DA:151,0
DA:152,0
DA:153,0
DA:154,0
DA:156,0
DA:157,0
DA:160,0
DA:163,0
DA:164,0
DA:167,0
DA:169,0
DA:174,0
DA:176,0
DA:177,0
DA:179,0
DA:180,0
DA:182,0
DA:183,0
DA:184,0
DA:187,0
DA:190,0
DA:193,0
DA:197,0
DA:198,0
DA:199,0
DA:200,0
DA:206,0
DA:207,0
DA:208,0
DA:211,0
DA:214,0
DA:215,0
DA:217,0
DA:219,0
DA:223,0
DA:227,0
DA:237,0
DA:239,0
DA:240,0
DA:241,0
DA:243,0
DA:244,0
DA:245,0
DA:247,0
DA:248,0
DA:249,0
DA:252,0
DA:253,0
DA:256,0
DA:259,0
DA:262,0
DA:269,0
DA:272,0
DA:273,0
DA:274,0
DA:276,0
DA:277,0
DA:279,0
DA:280,0
DA:282,0
DA:283,0
DA:284,0
DA:287,0
DA:290,0
DA:294,0
DA:295,0
DA:297,0
DA:298,0
DA:306,0
DA:307,0
DA:311,0
DA:312,0
DA:315,0
DA:316,0
DA:317,0
DA:321,0
DA:322,0
DA:323,0
DA:324,0
DA:326,0
DA:327,0
DA:330,0
DA:333,0
DA:334,0
DA:336,0
DA:337,0
DA:345,0
DA:347,0
DA:352,0
DA:354,0
DA:355,0
DA:356,0
DA:358,0
DA:359,0
DA:360,0
DA:362,0
DA:363,0
DA:364,0
DA:367,0
DA:370,0
DA:372,0
DA:373,0
DA:381,0
DA:385,0
DA:386,0
DA:387,0
DA:388,0
DA:394,0
DA:395,0
DA:396,0
DA:399,0
DA:402,0
DA:403,0
DA:405,0
DA:407,0
DA:411,0
DA:415,0
DA:425,0
DA:427,0
DA:428,0
DA:429,0
DA:430,0
DA:432,0
DA:433,0
DA:434,0
DA:435,0
DA:437,0
DA:438,0
DA:439,0
DA:442,0
DA:443,0
DA:446,0
DA:449,0
DA:451,0
DA:452,0
DA:453,0
DA:457,0
DA:464,0
DA:466,0
DA:468,0
DA:469,0
DA:470,0
DA:471,0
DA:474,0
DA:475,0
DA:476,0
DA:480,0
DA:483,0
DA:484,0
DA:485,0
DA:487,0
LF:203
LH:0
end_of_record
TN:
SF:/home/opo/nginx/src/core/ngx_rbtree.c
FN:122,153,ngx_rbtree_insert_timer_value
FN:157,315,ngx_rbtree_delete
FN:25,93,ngx_rbtree_insert
FN:319,345,ngx_rbtree_left_rotate
FN:349,375,ngx_rbtree_right_rotate
FN:379,404,ngx_rbtree_next
FN:97,118,ngx_rbtree_insert_value
FNDA:0,ngx_rbtree_insert_timer_value
FNDA:0,ngx_rbtree_delete
FNDA:0,ngx_rbtree_insert
FNDA:0,ngx_rbtree_left_rotate
FNDA:0,ngx_rbtree_right_rotate
FNDA:0,ngx_rbtree_next
FNDA:0,ngx_rbtree_insert_value
FNF:7
FNH:0
DA:25,0
DA:27,0
DA:31,0
DA:32,0
DA:34,0
DA:35,0
DA:36,0
DA:37,0
DA:38,0
DA:39,0
DA:41,0
DA:44,0
DA:48,0
DA:50,0
DA:51,0
DA:53,0
DA:54,0
DA:55,0
DA:56,0
DA:57,0
DA:60,0
DA:61,0
DA:62,0
DA:65,0
DA:66,0
DA:67,0
DA:71,0
DA:73,0
DA:74,0
DA:75,0
DA:76,0
DA:77,0
DA:80,0
DA:81,0
DA:82,0
DA:85,0
DA:86,0
DA:87,0
DA:92,0
DA:97,0
DA:100,0
DA:102,0
DA:104,0
DA:106,0
DA:113,0
DA:114,0
DA:115,0
DA:116,0
DA:117,0
DA:118,0
DA:122,0
DA:125,0
DA:127,0
DA:138,0
DA:139,0
DA:141,0
DA:148,0
DA:149,0
DA:150,0
DA:151,0
DA:152,0
DA:153,0
DA:157,0
DA:159,0
DA:160,0
DA:164,0
DA:165,0
DA:167,0
DA:168,0
DA:169,0
DA:171,0
DA:176,0
DA:177,0
DA:180,0
DA:181,0
DA:182,0
DA:185,0
DA:186,0
DA:187,0
DA:188,0
DA:190,0
DA:193,0
DA:195,0
DA:196,0
DA:199,0
DA:202,0
DA:204,0
DA:208,0
DA:209,0
DA:212,0
DA:215,0
DA:216,0
DA:217,0
DA:218,0
DA:220,0
DA:221,0
DA:224,0
DA:225,0
DA:227,0
DA:231,0
DA:232,0
DA:235,0
DA:236,0
DA:241,0
DA:242,0
DA:243,0
DA:244,0
DA:246,0
DA:252,0
DA:254,0
DA:255,0
DA:257,0
DA:258,0
DA:259,0
DA:260,0
DA:261,0
DA:264,0
DA:265,0
DA:266,0
DA:269,0
DA:270,0
DA:271,0
DA:272,0
DA:273,0
DA:276,0
DA:277,0
DA:278,0
DA:279,0
DA:280,0
DA:284,0
DA:286,0
DA:287,0
DA:288,0
DA:289,0
DA:290,0
DA:293,0
DA:294,0
DA:295,0
DA:298,0
DA:299,0
DA:300,0
DA:301,0
DA:302,0
DA:305,0
DA:306,0
DA:307,0
DA:308,0
DA:309,0
DA:314,0
DA:319,0
DA:322,0
DA:324,0
DA:325,0
DA:327,0
DA:328,0
DA:331,0
DA:333,0
DA:334,0
DA:336,0
DA:337,0
DA:340,0
DA:343,0
DA:344,0
DA:345,0
DA:349,0
DA:352,0
DA:354,0
DA:355,0
DA:357,0
DA:358,0
DA:361,0
DA:363,0
DA:364,0
DA:366,0
DA:367,0
DA:370,0
DA:373,0
DA:374,0
DA:375,0
DA:379,0
DA:381,0
DA:383,0
DA:385,0
DA:386,0
DA:389,0
DA:391,0
DA:392,0
DA:394,0
DA:398,0
LF:189
LH:0
end_of_record
TN:
SF:/home/opo/nginx/src/core/ngx_rbtree.h
FNF:0
FNH:0
DA:77,0
DA:79,0
DA:83,0
LF:3
LH:0
end_of_record
TN:
SF:/home/opo/nginx/src/core/ngx_regex.c
FN:267,385,ngx_regex_compile
FN:456,460,ngx_regex_exec
FN:466,495,ngx_regex_exec_array
FN:528,535,ngx_regex_malloc
FN:539,542,ngx_regex_free
FN:548,619,ngx_regex_cleanup
FN:623,715,ngx_regex_module_init
FN:719,747,ngx_regex_create_conf
FN:751,758,ngx_regex_init_conf
FN:762,804,ngx_regex_pcre_jit
FN:87,93,ngx_regex_init
FNDA:0,ngx_regex_compile
FNDA:0,ngx_regex_exec
FNDA:0,ngx_regex_exec_array
FNDA:0,ngx_regex_malloc
FNDA:0,ngx_regex_free
FNDA:0,ngx_regex_cleanup
FNDA:0,ngx_regex_module_init
FNDA:0,ngx_regex_create_conf
FNDA:0,ngx_regex_init_conf
FNDA:0,ngx_regex_pcre_jit
FNDA:0,ngx_regex_init
FNF:11
FNH:0
DA:87,0
DA:90,0
DA:91,0
DA:93,0
DA:97,0
DA:99,0
DA:100,0
DA:105,0
DA:107,0
DA:108,0
DA:267,0
DA:269,0
DA:270,0
DA:271,0
DA:272,0
DA:273,0
DA:274,0
DA:276,0
DA:278,0
DA:279,0
DA:282,0
DA:283,0
DA:286,0
DA:287,0
DA:290,0
DA:291,0
DA:294,0
DA:296,0
DA:300,0
DA:302,0
DA:303,0
DA:304,0
DA:307,0
DA:310,0
DA:312,0
DA:313,0
DA:316,0
DA:319,0
DA:320,0
DA:321,0
DA:324,0
DA:328,0
DA:329,0
DA:330,0
DA:331,0
DA:334,0
DA:335,0
DA:338,0
DA:339,0
DA:340,0
DA:341,0
DA:344,0
DA:348,0
DA:349,0
DA:350,0
DA:351,0
DA:354,0
DA:358,0
DA:359,0
DA:360,0
DA:361,0
DA:364,0
DA:365,0
DA:366,0
DA:367,0
DA:372,0
DA:374,0
DA:375,0
DA:376,0
DA:378,0
DA:380,0
DA:383,0
DA:384,0
DA:456,0
DA:458,0
DA:466,0
DA:468,0
DA:469,0
DA:470,0
DA:472,0
DA:474,0
DA:476,0
DA:478,0
DA:479,0
DA:482,0
DA:483,0
DA:486,0
DA:528,0
DA:530,0
DA:531,0
DA:539,0
DA:541,0
DA:548,0
DA:551,0
DA:553,0
DA:554,0
DA:555,0
DA:557,0
DA:558,0
DA:560,0
DA:562,0
DA:563,0
DA:567,0
DA:568,0
DA:569,0
DA:582,0
DA:583,0
DA:594,0
DA:619,0
DA:623,0
DA:625,0
DA:627,0
DA:629,0
DA:630,0
DA:631,0
DA:632,0
DA:634,0
DA:636,0
DA:640,0
DA:644,0
DA:650,0
DA:652,0
DA:653,0
DA:655,0
DA:657,0
DA:658,0
DA:662,0
DA:663,0
DA:664,0
DA:684,0
DA:686,0
DA:687,0
DA:693,0
DA:694,0
DA:696,0
DA:697,0
DA:700,0
DA:701,0
DA:710,0
DA:712,0
DA:714,0
DA:719,0
DA:721,0
DA:722,0
DA:724,0
DA:725,0
DA:729,0
DA:731,0
DA:732,0
DA:736,0
DA:737,0
DA:741,0
DA:742,0
DA:744,0
DA:746,0
DA:751,0
DA:753,0
DA:755,0
DA:757,0
DA:762,0
DA:764,0
DA:766,0
DA:786,0
DA:788,0
DA:789,0
DA:791,0
DA:792,0
DA:794,0
DA:803,0
LF:169
LH:0
end_of_record
TN:
SF:/home/opo/nginx/src/core/ngx_resolver.c
FN:1152,1237,ngx_resolve_addr_done
FN:1241,1274,ngx_resolver_expire
FN:1278,1317,ngx_resolver_send_query
FN:1321,1355,ngx_resolver_send_udp_query
FN:133,309,ngx_resolver_create
FN:1359,1442,ngx_resolver_send_tcp_query
FN:1446,1513,ngx_resolver_resend_handler
FN:1517,1563,ngx_resolver_resend
FN:1567,1575,ngx_resolver_resend_empty
FN:1579,1614,ngx_resolver_udp_read
FN:1618,1671,ngx_resolver_tcp_write
FN:1675,1740,ngx_resolver_tcp_read
FN:1744,1929,ngx_resolver_process_response
FN:1933,2584,ngx_resolver_process_a
FN:2588,2967,ngx_resolver_process_srv
FN:2971,3037,ngx_resolver_resolve_srv_names
FN:3041,3098,ngx_resolver_srv_names_handler
FN:3102,3415,ngx_resolver_process_ptr
FN:313,357,ngx_resolver_cleanup
FN:3419,3456,ngx_resolver_lookup_name
FN:3460,3497,ngx_resolver_lookup_srv
FN:3501,3528,ngx_resolver_lookup_addr
FN:3534,3572,ngx_resolver_lookup_addr6
FN:3578,3615,ngx_resolver_rbtree_insert_value
FN:361,390,ngx_resolver_cleanup_tree
[...]
DA:379,0
DA:382,0
DA:383,0
DA:386,0
DA:387,0
DA:389,0
DA:394,0
DA:396,0
DA:397,0
DA:400,0
DA:404,0
DA:406,0
DA:408,0
DA:409,0
DA:411,0
DA:413,0
DA:414,0
DA:417,0
DA:419,0
DA:422,0
DA:423,0
DA:426,0
DA:470,0
DA:472,0
DA:605,0
DA:607,0
DA:609,0
DA:610,0
DA:611,0
DA:612,0
DA:614,0
DA:615,0
DA:623,0
DA:625,0
DA:628,0
DA:629,0
DA:631,0
DA:634,0
DA:635,0
DA:637,0
DA:640,0
DA:642,0
DA:646,0
DA:649,0
DA:651,0
DA:652,0
DA:661,0
DA:663,0
DA:664,0
DA:668,0
DA:669,0
DA:672,0
DA:676,0
DA:678,0
DA:680,0
DA:684,0
DA:686,0
DA:691,0
DA:693,0
DA:695,0
DA:697,0
DA:701,0
DA:709,0
DA:711,0
DA:713,0
DA:715,0
DA:721,0
DA:722,0
DA:732,0
DA:734,0
DA:737,0
DA:742,0
DA:744,0
DA:745,0
DA:746,0
DA:748,0
DA:756,0
DA:758,0
DA:759,0
DA:763,0
DA:765,0
DA:767,0
DA:768,0
DA:769,0
DA:771,0
DA:772,0
DA:780,0
DA:782,0
DA:784,0
DA:785,0
DA:786,0
DA:788,0
DA:789,0
DA:797,0
DA:799,0
DA:801,0
DA:802,0
DA:803,0
DA:805,0
DA:806,0
DA:816,0
DA:818,0
DA:820,0
DA:822,0
DA:826,0
DA:827,0
DA:836,0
DA:838,0
DA:840,0
DA:842,0
DA:846,0
DA:851,0
DA:853,0
DA:855,0
DA:857,0
DA:861,0
DA:870,0
DA:872,0
DA:874,0
DA:878,0
DA:883,0
DA:884,0
DA:893,0
DA:895,0
DA:897,0
DA:901,0
LF:199
LH:0
end_of_record
TN:
SF:/home/opo/nginx/src/os/unix/ngx_files.h
FNF:0
FNH:0
DA:145,1
DA:147,1
DA:250,0
DA:252,0
DA:253,0
LF:5
LH:2
end_of_record
TN:
SF:/home/opo/nginx/src/os/unix/ngx_linux_init.c
FN:34,52,ngx_os_specific_init
FN:56,60,ngx_os_specific_status
FNDA:0,ngx_os_specific_init
FNDA:0,ngx_os_specific_status
FNF:2
FNH:0
DA:34,0
DA:36,0
DA:38,0
DA:39,0
DA:40,0
DA:43,0
DA:46,0
DA:49,0
DA:51,0
DA:56,0
DA:58,0
DA:60,0
LF:12
LH:0
end_of_record
TN:
SF:/home/opo/nginx/src/os/unix/ngx_linux_sendfile_chain.c
FN:232,301,ngx_linux_sendfile
FN:50,228,ngx_linux_sendfile_chain
FNDA:0,ngx_linux_sendfile
FNDA:0,ngx_linux_sendfile_chain
FNF:2
FNH:0
DA:50,0
DA:52,0
DA:53,0
DA:54,0
DA:55,0
DA:56,0
DA:57,0
DA:58,0
DA:59,0
DA:60,0
DA:61,0
DA:63,0
DA:65,0
DA:72,0
DA:73,0
DA:77,0
DA:79,0
DA:80,0
DA:82,0
DA:83,0
DA:87,0
DA:89,0
DA:93,0
DA:97,0
DA:98,0
DA:99,0
DA:100,0
DA:104,0
DA:106,0
DA:108,0
DA:111,0
DA:119,0
DA:120,0
DA:121,0
DA:123,0
DA:127,0
DA:130,0
DA:134,0
DA:136,0
DA:137,0
DA:144,0
DA:145,0
DA:146,0
DA:148,0
DA:152,0
DA:155,0
DA:162,0
DA:163,0
DA:167,0
DA:169,0
DA:171,0
DA:172,0
DA:173,0
DA:177,0
DA:179,0
DA:183,0
DA:188,0
DA:191,0
DA:193,0
DA:197,0
DA:200,0
DA:202,0
DA:204,0
DA:205,0
DA:206,0
DA:209,0
DA:221,0
DA:224,0
DA:232,0
DA:235,0
DA:239,0
DA:240,0
DA:251,0
DA:256,0
DA:259,0
DA:261,0
DA:263,0
DA:264,0
DA:266,0
DA:272,0
DA:274,0
DA:275,0
DA:277,0
DA:278,0
DA:279,0
DA:280,0
DA:284,0
DA:290,0
DA:294,0
LF:89
LH:0
end_of_record
TN:
SF:/home/opo/nginx/src/os/unix/ngx_posix_init.c
FN:102,117,ngx_os_status
FN:35,98,ngx_os_init
FNDA:0,ngx_os_status
FNDA:0,ngx_os_init
FNF:2
FNH:0
DA:35,0
DA:37,0
DA:38,0
DA:40,0
DA:44,0
DA:49,0
DA:53,0
DA:55,0
DA:56,0
DA:59,0
DA:62,0
DA:63,0
DA:67,0
DA:68,0
DA:72,0
DA:73,0
DA:74,0
DA:78,0
DA:80,0
DA:81,0
DA:83,0
DA:86,0
DA:89,0
DA:94,0
DA:95,0
DA:97,0
DA:102,0
DA:104,0
DA:107,0
DA:111,0
DA:114,0
DA:117,0
LF:32
LH:0
end_of_record
TN:
SF:/home/opo/nginx/src/os/unix/ngx_process.c
FN:262,266,ngx_execute
FN:270,281,ngx_execute_proc
FN:285,315,ngx_init_signals
FN:319,467,ngx_signal_handler
FN:471,561,ngx_process_get_status
FN:565,608,ngx_unlock_mutexes
FN:612,628,ngx_debug_point
FN:632,648,ngx_os_signal_process
FN:87,258,ngx_spawn_process
FNDA:0,ngx_execute
FNDA:0,ngx_execute_proc
FNDA:0,ngx_init_signals
FNDA:0,ngx_signal_handler
FNDA:0,ngx_process_get_status
FNDA:0,ngx_unlock_mutexes
FNDA:0,ngx_debug_point
FNDA:0,ngx_os_signal_process
FNDA:0,ngx_spawn_process
FNF:9
FNH:0
DA:87,0
DA:90,0
DA:91,0
DA:92,0
DA:94,0
DA:98,0
DA:99,0
DA:104,0
DA:105,0
DA:108,0
DA:113,0
DA:117,0
DA:119,0
DA:121,0
DA:127,0
DA:129,0
DA:130,0
DA:133,0
DA:134,0
DA:137,0
DA:138,0
DA:141,0
DA:142,0
DA:145,0
DA:146,0
DA:147,0
DA:149,0
DA:150,0
DA:153,0
DA:154,0
DA:156,0
DA:157,0
DA:160,0
DA:161,0
DA:164,0
DA:165,0
DA:168,0
DA:169,0
DA:172,0
DA:173,0
DA:176,0
DA:179,0
DA:180,0
DA:183,0
DA:186,0
DA:188,0
DA:190,0
DA:191,0
DA:193,0
DA:194,0
DA:196,0
DA:197,0
DA:198,0
DA:199,0
DA:200,0
DA:206,0
DA:208,0
DA:209,0
DA:211,0
DA:215,0
DA:216,0
DA:217,0
DA:218,0
DA:220,0
DA:222,0
DA:223,0
DA:224,0
DA:225,0
DA:226,0
DA:228,0
DA:229,0
DA:230,0
DA:231,0
DA:232,0
DA:234,0
DA:235,0
DA:236,0
DA:237,0
DA:238,0
DA:240,0
DA:241,0
DA:242,0
DA:243,0
DA:244,0
DA:246,0
DA:247,0
DA:248,0
DA:249,0
DA:250,0
DA:253,0
DA:254,0
DA:262,0
DA:264,0
DA:270,0
DA:272,0
DA:274,0
DA:275,0
DA:280,0
DA:285,0
DA:287,0
DA:288,0
DA:290,0
DA:291,0
DA:293,0
DA:294,0
DA:295,0
DA:298,0
DA:301,0
DA:302,0
DA:307,0
DA:309,0
DA:319,0
DA:321,0
DA:322,0
DA:323,0
DA:324,0
DA:326,0
DA:328,0
DA:330,0
DA:331,0
DA:336,0
DA:338,0
DA:340,0
DA:342,0
DA:344,0
DA:346,0
DA:347,0
DA:348,0
DA:349,0
DA:351,0
DA:353,0
DA:354,0
DA:355,0
DA:357,0
DA:358,0
DA:359,0
DA:360,0
DA:364,0
DA:365,0
DA:366,0
DA:367,0
DA:369,0
DA:370,0
DA:371,0
DA:372,0
DA:374,0
DA:375,0
DA:389,0
DA:390,0
DA:391,0
DA:393,0
DA:394,0
DA:395,0
DA:397,0
DA:398,0
DA:399,0
DA:401,0
DA:402,0
DA:403,0
DA:408,0
DA:410,0
DA:412,0
DA:413,0
DA:416,0
DA:418,0
DA:419,0
DA:420,0
DA:421,0
DA:423,0
DA:425,0
DA:426,0
DA:427,0
DA:429,0
DA:430,0
DA:431,0
DA:432,0
DA:434,0
DA:437,0
DA:438,0
DA:444,0
DA:445,0
DA:450,0
DA:455,0
DA:456,0
DA:462,0
DA:463,0
DA:466,0
DA:467,0
DA:471,0
DA:473,0
DA:474,0
DA:475,0
DA:476,0
DA:477,0
DA:478,0
DA:480,0
DA:482,0
DA:483,0
DA:485,0
DA:489,0
DA:490,0
DA:492,0
DA:493,0
DA:496,0
DA:509,0
DA:510,0
DA:512,0
DA:515,0
DA:517,0
DA:521,0
DA:522,0
DA:524,0
DA:525,0
DA:526,0
DA:527,0
DA:528,0
DA:529,0
DA:533,0
DA:535,0
DA:546,0
DA:551,0
DA:552,0
DA:556,0
DA:559,0
DA:565,0
DA:567,0
DA:568,0
DA:569,0
DA:570,0
DA:577,0
DA:578,0
DA:586,0
DA:587,0
DA:589,0
DA:591,0
DA:592,0
DA:595,0
DA:596,0
DA:597,0
DA:600,0
DA:602,0
DA:603,0
DA:608,0
DA:612,0
DA:614,0
DA:616,0
DA:619,0
DA:621,0
DA:622,0
DA:623,0
DA:625,0
DA:626,0
DA:628,0
DA:632,0
DA:634,0
DA:636,0
DA:637,0
DA:638,0
DA:642,0
LF:259
LH:0
end_of_record
TN:
SF:/home/opo/nginx/src/os/unix/ngx_process_cycle.c
FN:1001,1085,ngx_channel_handler
FN:1089,1136,ngx_cache_manager_process_cycle
FN:1140,1165,ngx_cache_manager_process_handler
FN:1169,1191,ngx_cache_loader_process_handler
FN:279,332,ngx_single_process_cycle
FN:336,349,ngx_start_worker_processes
FN:353,392,ngx_start_cache_manager_processes
FN:396,428,ngx_pass_open_channel
FN:432,530,ngx_signal_worker_processes
FN:534,652,ngx_reap_children
FN:656,695,ngx_master_process_exit
FN:699,749,ngx_worker_process_cycle
FN:74,275,ngx_master_process_cycle
FN:753,936,ngx_worker_process_init
FN:940,997,ngx_worker_process_exit
FNDA:0,ngx_channel_handler
FNDA:0,ngx_cache_manager_process_cycle
FNDA:0,ngx_cache_manager_process_handler
FNDA:0,ngx_cache_loader_process_handler
FNDA:0,ngx_single_process_cycle
FNDA:0,ngx_start_worker_processes
FNDA:0,ngx_start_cache_manager_processes
FNDA:0,ngx_pass_open_channel
FNDA:0,ngx_signal_worker_processes
FNDA:0,ngx_reap_children
FNDA:0,ngx_master_process_exit
FNDA:0,ngx_worker_process_cycle
FNDA:0,ngx_master_process_cycle
FNDA:0,ngx_worker_process_init
FNDA:0,ngx_worker_process_exit
FNF:15
FNH:0
DA:74,0
DA:76,0
DA:77,0
DA:78,0
DA:79,0
DA:80,0
DA:81,0
DA:82,0
DA:83,0
DA:84,0
DA:85,0
DA:87,0
DA:88,0
DA:89,0
DA:90,0
DA:91,0
DA:92,0
DA:93,0
DA:94,0
DA:95,0
DA:96,0
DA:97,0
DA:99,0
DA:100,0
DA:104,0
DA:107,0
DA:109,0
DA:110,0
DA:113,0
DA:114,0
DA:116,0
DA:119,0
DA:120,0
DA:121,0
DA:122,0
DA:125,0
DA:128,0
DA:130,0
DA:132,0
DA:134,0
DA:135,0
DA:136,0
DA:137,0
DA:139,0
DA:140,0
DA:141,0
DA:142,0
DA:143,0
DA:144,0
DA:148,0
DA:150,0
DA:151,0
DA:152,0
DA:153,0
DA:155,0
DA:156,0
DA:161,0
DA:163,0
DA:165,0
DA:168,0
DA:170,0
DA:171,0
DA:172,0
DA:174,0
DA:177,0
DA:178,0
DA:181,0
DA:182,0
DA:183,0
DA:186,0
DA:187,0
DA:188,0
DA:191,0
DA:193,0
DA:194,0
DA:196,0
DA:200,0
DA:203,0
DA:204,0
DA:206,0
DA:208,0
DA:211,0
DA:212,0
DA:214,0
DA:215,0
DA:217,0
DA:218,0
DA:220,0
DA:223,0
DA:225,0
DA:226,0
DA:227,0
DA:228,0
DA:231,0
DA:232,0
DA:234,0
DA:236,0
DA:239,0
DA:241,0
DA:242,0
DA:246,0
DA:247,0
DA:248,0
DA:250,0
DA:251,0
DA:254,0
DA:255,0
DA:256,0
DA:257,0
DA:258,0
DA:262,0
DA:263,0
DA:264,0
DA:265,0
DA:268,0
DA:269,0
DA:270,0
DA:271,0
DA:279,0
DA:281,0
DA:283,0
DA:285,0
DA:288,0
DA:289,0
DA:290,0
DA:292,0
DA:297,0
DA:298,0
DA:300,0
DA:302,0
DA:304,0
DA:305,0
DA:306,0
DA:310,0
DA:313,0
DA:314,0
DA:315,0
DA:317,0
DA:318,0
DA:319,0
DA:320,0
DA:323,0
DA:326,0
DA:327,0
DA:328,0
DA:329,0
DA:336,0
DA:338,0
DA:340,0
DA:342,0
DA:344,0
DA:347,0
DA:349,0
DA:353,0
DA:355,0
DA:356,0
DA:358,0
DA:359,0
DA:361,0
DA:362,0
DA:364,0
DA:365,0
DA:368,0
DA:369,0
DA:373,0
DA:377,0
DA:381,0
DA:383,0
DA:387,0
DA:391,0
DA:396,0
DA:398,0
DA:399,0
DA:401,0
DA:403,0
DA:404,0
DA:405,0
DA:406,0
DA:408,0
DA:410,0
DA:411,0
DA:412,0
DA:414,0
DA:421,0
DA:425,0
DA:428,0
DA:432,0
DA:434,0
DA:435,0
DA:436,0
DA:438,0
DA:446,0
DA:448,0
DA:449,0
DA:450,0
DA:452,0
DA:453,0
DA:454,0
DA:456,0
DA:457,0
DA:458,0
DA:466,0
DA:469,0
DA:479,0
DA:481,0
DA:482,0
DA:485,0
DA:486,0
DA:487,0
DA:490,0
DA:491,0
DA:493,0
DA:496,0
DA:497,0
DA:501,0
DA:502,0
DA:505,0
DA:510,0
DA:512,0
DA:513,0
DA:514,0
DA:517,0
DA:518,0
DA:519,0
DA:520,0
DA:523,0
DA:526,0
DA:527,0
DA:530,0
DA:534,0
DA:536,0
DA:537,0
DA:538,0
DA:539,0
DA:541,0
DA:543,0
DA:544,0
DA:546,0
DA:547,0
DA:557,0
DA:559,0
DA:560,0
DA:563,0
DA:565,0
DA:566,0
DA:568,0
DA:569,0
DA:571,0
DA:572,0
DA:574,0
DA:575,0
DA:576,0
DA:577,0
DA:579,0
DA:584,0
DA:588,0
DA:593,0
DA:594,0
DA:595,0
DA:596,0
DA:598,0
DA:603,0
DA:606,0
DA:610,0
DA:612,0
DA:614,0
DA:617,0
DA:619,0
DA:622,0
DA:626,0
DA:632,0
DA:633,0
DA:634,0
DA:635,0
DA:639,0
DA:640,0
DA:643,0
DA:646,0
DA:647,0
DA:651,0
DA:656,0
DA:658,0
DA:660,0
DA:662,0
DA:664,0
DA:665,0
DA:666,0
DA:670,0
DA:680,0
DA:682,0
DA:683,0
DA:684,0
DA:685,0
DA:687,0
DA:688,0
DA:689,0
DA:690,0
DA:692,0
DA:694,0
DA:699,0
DA:701,0
DA:703,0
DA:704,0
DA:706,0
DA:708,0
DA:710,0
DA:712,0
DA:713,0
DA:714,0
DA:715,0
DA:719,0
DA:721,0
DA:723,0
DA:724,0
DA:725,0
DA:728,0
DA:729,0
DA:730,0
DA:732,0
DA:734,0
DA:735,0
DA:736,0
DA:737,0
DA:738,0
DA:739,0
DA:743,0
DA:744,0
DA:745,0
DA:746,0
DA:753,0
DA:755,0
DA:756,0
DA:757,0
DA:758,0
DA:759,0
DA:760,0
DA:761,0
DA:763,0
DA:765,0
DA:768,0
DA:770,0
DA:771,0
DA:772,0
DA:777,0
DA:778,0
DA:779,0
DA:781,0
DA:782,0
DA:788,0
DA:789,0
DA:790,0
DA:792,0
DA:793,0
DA:799,0
DA:800,0
DA:801,0
DA:804,0
DA:807,0
DA:808,0
DA:814,0
DA:815,0
DA:816,0
DA:819,0
DA:824,0
DA:825,0
DA:828,0
DA:832,0
DA:833,0
DA:834,0
DA:836,0
DA:837,0
DA:839,0
DA:840,0
DA:841,0
DA:843,0
DA:844,0
DA:847,0
DA:853,0
DA:854,0
DA:856,0
DA:857,0
DA:865,0
DA:866,0
DA:872,0
DA:873,0
DA:874,0
DA:877,0
DA:881,0
DA:883,0
DA:884,0
DA:888,0
DA:889,0
DA:891,0
DA:892,0
DA:893,0
DA:895,0
DA:900,0
DA:902,0
DA:903,0
DA:906,0
DA:907,0
DA:910,0
DA:911,0
DA:914,0
DA:915,0
DA:920,0
DA:921,0
DA:929,0
DA:934,0
DA:936,0
DA:940,0
DA:942,0
DA:943,0
DA:945,0
DA:946,0
DA:947,0
DA:951,0
DA:952,0
DA:953,0
DA:954,0
DA:955,0
DA:958,0
DA:960,0
DA:963,0
DA:968,0
DA:969,0
DA:970,0
DA:980,0
DA:982,0
DA:983,0
DA:984,0
DA:985,0
DA:987,0
DA:988,0
DA:989,0
DA:990,0
DA:992,0
DA:994,0
DA:996,0
DA:1001,0
DA:1003,0
DA:1004,0
DA:1005,0
DA:1007,0
DA:1008,0
DA:1009,0
DA:1012,0
DA:1014,0
DA:1016,0
DA:1018,0
DA:1020,0
DA:1022,0
DA:1024,0
DA:1025,0
DA:1028,0
DA:1029,0
DA:1032,0
DA:1033,0
DA:1038,0
DA:1043,0
DA:1045,0
DA:1047,0
DA:1048,0
DA:1049,0
DA:1051,0
DA:1052,0
DA:1053,0
DA:1055,0
DA:1056,0
DA:1057,0
DA:1059,0
DA:1063,0
DA:1065,0
DA:1066,0
DA:1067,0
DA:1069,0
DA:1074,0
DA:1076,0
DA:1077,0
DA:1081,0
DA:1082,0
DA:1089,0
DA:1091,0
DA:1093,0
DA:1094,0
DA:1100,0
DA:1102,0
DA:1105,0
DA:1107,0
DA:1109,0
DA:1110,0
DA:1111,0
DA:1112,0
DA:1113,0
DA:1115,0
DA:1117,0
DA:1119,0
DA:1121,0
DA:1123,0
DA:1124,0
DA:1125,0
DA:1128,0
DA:1129,0
DA:1130,0
DA:1131,0
DA:1134,0
DA:1140,0
DA:1142,0
DA:1143,0
DA:1144,0
DA:1146,0
DA:1148,0
DA:1149,0
DA:1151,0
DA:1152,0
DA:1154,0
DA:1156,0
DA:1160,0
DA:1164,0
DA:1165,0
DA:1169,0
DA:1171,0
DA:1172,0
DA:1173,0
DA:1175,0
DA:1177,0
DA:1178,0
DA:1180,0
DA:1184,0
DA:1185,0
DA:1186,0
DA:1190,0
LF:532
LH:0
end_of_record
TN:
SF:/home/opo/nginx/src/os/unix/ngx_readv_chain.c
FN:14,252,ngx_readv_chain
FNDA:0,ngx_readv_chain
FNF:1
FNH:0
DA:14,0
DA:16,0
DA:17,0
DA:18,0
DA:19,0
DA:20,0
DA:21,0
DA:23,0
DA:59,0
DA:60,0
DA:64,0
DA:66,0
DA:67,0
DA:68,0
DA:74,0
DA:75,0
DA:76,0
DA:78,0
DA:79,0
DA:80,0
DA:81,0
DA:82,0
DA:86,0
DA:87,0
DA:89,0
DA:90,0
DA:94,0
DA:95,0
DA:99,0
DA:100,0
DA:103,0
DA:107,0
DA:108,0
DA:112,0
DA:113,0
DA:116,0
DA:117,0
DA:118,0
DA:122,0
DA:124,0
DA:125,0
DA:127,0
DA:128,0
DA:129,0
DA:144,0
DA:147,0
DA:174,0
DA:175,0
DA:184,0
DA:185,0
DA:186,0
DA:192,0
DA:194,0
DA:195,0
DA:197,0
DA:201,0
DA:208,0
DA:209,0
DA:211,0
DA:212,0
DA:213,0
DA:216,0
DA:219,0
DA:224,0
DA:225,0
DA:228,0
DA:231,0
DA:233,0
DA:235,0
DA:236,0
DA:239,0
DA:240,0
DA:243,0
DA:245,0
DA:247,0
DA:248,0
LF:76
LH:0
end_of_record
TN:
SF:/home/opo/nginx/src/os/unix/ngx_recv.c
FN:14,203,ngx_unix_recv
FNDA:0,ngx_unix_recv
FNF:1
FNH:0
DA:14,0
DA:16,0
DA:17,0
DA:18,0
DA:20,0
DA:55,0
DA:56,0
DA:60,0
DA:62,0
DA:63,0
DA:64,0
DA:70,0
DA:71,0
DA:74,0
DA:76,0
DA:77,0
DA:78,0
DA:93,0
DA:96,0
DA:123,0
DA:124,0
DA:133,0
DA:134,0
DA:135,0
DA:141,0
DA:143,0
DA:144,0
DA:146,0
DA:150,0
DA:157,0
DA:158,0
DA:160,0
DA:161,0
DA:162,0
DA:165,0
DA:168,0
DA:173,0
DA:174,0
DA:176,0
DA:179,0
DA:182,0
DA:184,0
DA:186,0
DA:187,0
DA:190,0
DA:191,0
DA:194,0
DA:196,0
DA:198,0
DA:199,0
LF:50
LH:0
end_of_record
TN:
SF:/home/opo/nginx/src/os/unix/ngx_send.c
FN:14,73,ngx_unix_send
FNDA:0,ngx_unix_send
FNF:1
FNH:0
DA:14,0
DA:16,0
DA:17,0
DA:18,0
DA:20,0
DA:33,0
DA:34,0
DA:37,0
DA:39,0
DA:40,0
DA:41,0
DA:44,0
DA:46,0
DA:49,0
DA:51,0
DA:52,0
DA:53,0
DA:54,0
DA:57,0
DA:58,0
DA:61,0
DA:63,0
DA:68,0
DA:69,0
DA:70,0
LF:25
LH:0
end_of_record
TN:
SF:/home/opo/nginx/src/os/unix/ngx_setaffinity.c
FN:36,51,ngx_setaffinity
FNDA:0,ngx_setaffinity
FNF:1
FNH:0
DA:36,0
DA:38,0
DA:40,0
DA:41,0
DA:42,0
DA:47,0
DA:48,0
DA:51,0
LF:8
LH:0
end_of_record
TN:
SF:/home/opo/nginx/src/os/unix/ngx_setproctitle.c
FN:35,75,ngx_init_setproctitle
FN:79,133,ngx_setproctitle
FNDA:0,ngx_init_setproctitle
FNDA:0,ngx_setproctitle
FNF:2
FNH:0
DA:35,0
DA:37,0
DA:38,0
DA:39,0
DA:41,0
DA:43,0
DA:44,0
DA:47,0
DA:48,0
DA:52,0
DA:54,0
DA:55,0
DA:56,0
DA:60,0
DA:61,0
DA:63,0
DA:64,0
DA:66,0
DA:67,0
DA:68,0
DA:72,0
DA:74,0
DA:79,0
DA:81,0
DA:90,0
DA:92,0
DA:93,0
DA:95,0
DA:127,0
DA:128,0
DA:132,0
DA:133,0
LF:32
LH:0
end_of_record
TN:
SF:/home/opo/nginx/src/os/unix/ngx_shmem.c
FN:15,28,ngx_shm_alloc
FN:32,38,ngx_shm_free
FNDA:0,ngx_shm_alloc
FNDA:0,ngx_shm_free
FNF:2
FNH:0
DA:15,0
DA:17,0
DA:21,0
DA:22,0
DA:24,0
DA:32,0
DA:34,0
DA:35,0
DA:38,0
LF:9
LH:0
end_of_record
TN:
SF:/home/opo/nginx/src/os/unix/ngx_socket.c
FN:27,34,ngx_nonblocking
FN:38,45,ngx_blocking
FN:79,87,ngx_tcp_nopush
FN:91,99,ngx_tcp_push
FNDA:0,ngx_nonblocking
FNDA:0,ngx_blocking
FNDA:0,ngx_tcp_nopush
FNDA:0,ngx_tcp_push
FNF:4
FNH:0
DA:27,0
DA:29,0
DA:31,0
DA:33,0
DA:38,0
DA:40,0
DA:42,0
DA:44,0
DA:79,0
DA:81,0
DA:83,0
DA:85,0
DA:91,0
DA:93,0
DA:95,0
DA:97,0
LF:16
LH:0
end_of_record
TN:
SF:/home/opo/nginx/src/os/unix/ngx_time.c
FN:25,53,ngx_timezone_update
FN:57,72,ngx_localtime
FN:76,88,ngx_libc_localtime
FN:92,104,ngx_libc_gmtime
FNDA:0,ngx_timezone_update
FNDA:0,ngx_localtime
FNDA:0,ngx_libc_localtime
FNDA:0,ngx_libc_gmtime
FNF:4
FNH:0
DA:25,0
DA:42,0
DA:43,0
DA:44,0
DA:46,0
DA:48,0
DA:50,0
DA:53,0
DA:57,0
DA:60,0
DA:70,0
DA:71,0
DA:72,0
DA:76,0
DA:79,0
DA:88,0
DA:92,0
DA:95,0
DA:104,0
LF:19
LH:0
end_of_record
TN:
SF:/home/opo/nginx/src/os/unix/ngx_udp_recv.c
FN:14,72,ngx_udp_unix_recv
FNDA:0,ngx_udp_unix_recv
FNF:1
FNH:0
DA:14,0
DA:16,0
DA:17,0
DA:18,0
DA:20,0
DA:22,0
DA:23,0
DA:26,0
DA:28,0
DA:51,0
DA:53,0
DA:55,0
DA:56,0
DA:59,0
DA:60,0
DA:63,0
DA:65,0
DA:67,0
DA:68,0
LF:19
LH:0
end_of_record
TN:
SF:/home/opo/nginx/src/os/unix/ngx_udp_send.c
FN:14,56,ngx_udp_unix_send
FNDA:0,ngx_udp_unix_send
FNF:1
FNH:0
DA:14,0
DA:16,0
DA:17,0
DA:18,0
DA:20,0
DA:22,0
DA:23,0
DA:27,0
DA:29,0
DA:30,0
DA:31,0
DA:32,0
DA:33,0
DA:36,0
DA:38,0
DA:41,0
DA:43,0
DA:44,0
DA:46,0
DA:47,0
DA:50,0
DA:51,0
DA:52,0
DA:53,0
LF:24
LH:0
end_of_record
TN:
SF:/home/opo/nginx/src/os/unix/ngx_udp_sendmsg_chain.c
FN:114,203,ngx_udp_output_chain_to_iovec
FN:19,110,ngx_udp_unix_sendmsg_chain
FN:207,240,ngx_sendmsg_vec
FN:246,317,ngx_set_srcaddr_cmsg
FN:321,382,ngx_get_srcaddr_cmsg
FN:388,432,ngx_sendmsg
FNDA:0,ngx_udp_output_chain_to_iovec
FNDA:0,ngx_udp_unix_sendmsg_chain
FNDA:0,ngx_sendmsg_vec
FNDA:0,ngx_set_srcaddr_cmsg
FNDA:0,ngx_get_srcaddr_cmsg
FNDA:0,ngx_sendmsg
FNF:6
FNH:0
DA:19,0
DA:21,0
DA:22,0
DA:23,0
DA:24,0
DA:25,0
DA:26,0
DA:28,0
DA:30,0
DA:47,0
DA:48,0
DA:51,0
DA:53,0
DA:54,0
DA:56,0
DA:60,0
DA:62,0
DA:66,0
DA:67,0
DA:80,0
DA:82,0
DA:85,0
DA:89,0
DA:91,0
DA:93,0
DA:97,0
DA:98,0
DA:99,0
DA:102,0
DA:104,0
DA:106,0
DA:114,0
DA:116,0
DA:117,0
DA:118,0
DA:119,0
DA:120,0
DA:122,0
DA:123,0
DA:124,0
DA:125,0
DA:126,0
DA:127,0
DA:129,0
DA:131,0
DA:132,0
DA:135,0
DA:136,0
DA:139,0
DA:143,0
DA:144,0
DA:157,0
DA:159,0
DA:162,0
DA:164,0
DA:165,0
DA:168,0
DA:169,0
DA:171,0
DA:174,0
DA:176,0
DA:177,0
DA:180,0
DA:181,0
DA:184,0
DA:186,0
DA:187,0
DA:189,0
DA:193,0
DA:194,0
DA:195,0
DA:196,0
DA:199,0
DA:200,0
DA:202,0
DA:207,0
DA:209,0
DA:212,0
DA:213,0
DA:216,0
DA:218,0
DA:219,0
DA:220,0
DA:223,0
DA:224,0
DA:227,0
DA:229,0
DA:230,0
DA:231,0
DA:233,0
DA:235,0
DA:239,0
DA:246,0
DA:248,0
DA:253,0
DA:254,0
DA:258,0
DA:259,0
DA:265,0
DA:267,0
DA:282,0
DA:283,0
DA:284,0
DA:286,0
DA:288,0
DA:289,0
DA:290,0
DA:293,0
DA:299,0
DA:301,0
DA:302,0
DA:303,0
DA:304,0
DA:306,0
DA:308,0
DA:309,0
DA:310,0
DA:312,0
DA:321,0
DA:328,0
DA:329,0
DA:333,0
DA:334,0
DA:353,0
DA:354,0
DA:355,0
DA:357,0
DA:358,0
DA:359,0
DA:361,0
DA:368,0
DA:370,0
DA:372,0
DA:373,0
DA:374,0
DA:376,0
DA:388,0
DA:390,0
DA:391,0
DA:397,0
DA:399,0
DA:401,0
DA:402,0
DA:404,0
DA:410,0
DA:412,0
DA:413,0
DA:415,0
DA:416,0
DA:417,0
DA:418,0
LF:151
LH:0
end_of_record
TN:
SF:/home/opo/nginx/src/os/unix/ngx_user.c
FN:17,42,ngx_libc_crypt
FNDA:0,ngx_libc_crypt
FNF:1
FNH:0
DA:17,0
DA:19,0
DA:20,0
DA:21,0
DA:23,0
DA:25,0
DA:27,0
DA:28,0
DA:30,0
DA:31,0
DA:35,0
DA:36,0
DA:39,0
LF:13
LH:0
end_of_record
TN:
SF:/home/opo/nginx/src/os/unix/ngx_writev_chain.c
FN:108,178,ngx_output_chain_to_iovec
FN:14,104,ngx_writev_chain
FN:182,216,ngx_writev
FNDA:0,ngx_output_chain_to_iovec
FNDA:0,ngx_writev_chain
FNDA:0,ngx_writev
FNF:3
FNH:0
DA:14,0
DA:16,0
DA:17,0
DA:18,0
DA:19,0
DA:20,0
DA:21,0
DA:23,0
DA:25,0
DA:42,0
DA:43,0
DA:46,0
DA:48,0
DA:49,0
DA:51,0
DA:52,0
DA:56,0
DA:58,0
DA:62,0
DA:63,0
DA:76,0
DA:78,0
DA:81,0
DA:83,0
DA:85,0
DA:89,0
DA:91,0
DA:93,0
DA:95,0
DA:96,0
DA:97,0
DA:100,0
DA:108,0
DA:111,0
DA:112,0
DA:113,0
DA:114,0
DA:116,0
DA:117,0
DA:118,0
DA:119,0
DA:121,0
DA:123,0
DA:124,0
DA:127,0
DA:131,0
DA:132,0
DA:145,0
DA:147,0
DA:150,0
DA:152,0
DA:156,0
DA:157,0
DA:160,0
DA:164,0
DA:166,0
DA:167,0
DA:170,0
DA:171,0
DA:174,0
DA:175,0
DA:177,0
DA:182,0
DA:184,0
DA:185,0
DA:187,0
DA:189,0
DA:192,0
DA:194,0
DA:195,0
DA:197,0
DA:203,0
DA:205,0
DA:206,0
DA:208,0
DA:209,0
DA:210,0
DA:211,0
LF:78
LH:0
end_of_record
TN:
SF:/usr/include/x86_64-linux-gnu/bits/byteswap.h
FNF:0
FNH:0
DA:34,0
DA:37,0
DA:49,0
DA:52,0
LF:4
LH:0
end_of_record
TN:
SF:/usr/include/x86_64-linux-gnu/bits/fcntl2.h
FNF:0
FNH:0
DA:41,0
DA:43,0
DA:46,0
DA:48,0
DA:53,0
DA:56,0
DA:59,0
DA:117,0
DA:119,0
DA:122,0
DA:124,0
DA:129,0
DA:132,0
DA:135,0
LF:14
LH:0
end_of_record
TN:
SF:/usr/include/x86_64-linux-gnu/bits/socket.h
FNF:0
FNH:0
DA:323,0
DA:332,0
DA:333,0
DA:335,0
DA:336,0
DA:339,0
DA:344,0
DA:345,0
DA:347,0
DA:355,0
DA:356,0
DA:357,0
LF:12
LH:0
end_of_record
TN:
SF:/usr/include/x86_64-linux-gnu/bits/socket2.h
FNF:0
FNH:0
DA:34,0
DA:36,0
DA:37,0
DA:38,0
DA:39,0
DA:40,0
DA:41,0
LF:7
LH:0
end_of_record
TN:
SF:/usr/include/x86_64-linux-gnu/bits/stdlib.h
FNF:0
FNH:0
DA:37,0
DA:39,0
DA:41,0
DA:48,0
LF:4
LH:0
end_of_record
TN:
SF:/usr/include/x86_64-linux-gnu/bits/string_fortified.h
FNF:0
FNH:0
DA:26,0
DA:29,0
DA:34,0
DA:36,0
DA:57,0
DA:59,0
LF:6
LH:0
end_of_record
TN:
SF:/usr/include/x86_64-linux-gnu/bits/unistd.h
FNF:0
FNH:0
DA:26,0
DA:28,0
DA:44,0
DA:46,0
DA:143,0
DA:145,0
LF:6
LH:0
end_of_record
